[2020/04/30 16:46:27.509]PriorityStackLoader(){
[2020/04/30 16:46:29.370]	PriorityStack.run(){
[2020/04/30 16:46:29.370]		load loop{
[2020/04/30 16:46:29.371]			check load{
[2020/04/30 16:46:29.371]				check caching{
[2020/04/30 16:46:29.371]					loading from disk{
[2020/04/30 16:46:30.981]					}
[2020/04/30 16:46:30.981]					Making slow cache{
[2020/04/30 16:46:31.806]					}
[2020/04/30 16:46:31.806] LayerChange ping
[2020/04/30 16:46:31.806]				}
[2020/04/30 16:46:31.806]			}
[2020/04/30 16:46:31.806]		}
[2020/04/30 16:46:31.807]		load loop{
[2020/04/30 16:46:31.807]			check load{
[2020/04/30 16:46:31.807]				check caching{
[2020/04/30 16:46:31.807]					loading from disk{
[2020/04/30 16:46:33.955]					}
[2020/04/30 16:46:33.955]					Making slow cache{
[2020/04/30 16:46:34.848]					}
[2020/04/30 16:46:34.848] LayerChange ping
[2020/04/30 16:46:34.848]				}
[2020/04/30 16:46:34.848]			}
[2020/04/30 16:46:34.848]		}
[2020/04/30 16:46:34.848]		load loop{
[2020/04/30 16:46:34.848]			check load{
[2020/04/30 16:46:34.848]				check caching{
[2020/04/30 16:46:34.848]					loading from disk{
[2020/04/30 16:46:37.072]					}
[2020/04/30 16:46:37.072]					Making slow cache{
[2020/04/30 16:46:38.385]					}
[2020/04/30 16:46:38.385] LayerChange ping
[2020/04/30 16:46:38.385]				}
[2020/04/30 16:46:38.385]			}
[2020/04/30 16:46:38.385]		}
[2020/04/30 16:46:38.385]		load loop{
[2020/04/30 16:46:38.385]			check load{
[2020/04/30 16:46:38.385]				check caching{
[2020/04/30 16:46:38.385]					loading from disk{
[2020/04/30 16:46:39.783]					}
[2020/04/30 16:46:39.783]					Making slow cache{
[2020/04/30 16:46:40.748]					}
[2020/04/30 16:46:40.748] LayerChange ping
[2020/04/30 16:46:40.748]				}
[2020/04/30 16:46:40.748]			}
[2020/04/30 16:46:40.748]		}
[2020/04/30 16:46:40.749]		load loop{
[2020/04/30 16:46:40.749]			check load{
[2020/04/30 16:46:40.749]				check caching{
[2020/04/30 16:46:40.749]					loading from disk{
[2020/04/30 16:46:42.982]					}
[2020/04/30 16:46:42.982]					Making slow cache{
[2020/04/30 16:46:44.716]					}
[2020/04/30 16:46:44.716] LayerChange ping
[2020/04/30 16:46:44.716]				}
[2020/04/30 16:46:44.716]			}
[2020/04/30 16:46:44.716]		}
[2020/04/30 16:46:44.717]		load loop{
[2020/04/30 16:46:44.717]			check load{
[2020/04/30 16:46:44.717]			}
[2020/04/30 16:46:44.717]		}
[2020/04/30 16:46:44.718]		load loop{
[2020/04/30 16:46:44.718]			check load{
[2020/04/30 16:46:44.718]			}
[2020/04/30 16:46:44.718]		}
[2020/04/30 16:46:44.719]		load loop{
[2020/04/30 16:46:44.719]			check load{
[2020/04/30 16:46:44.719]			}
[2020/04/30 16:46:44.719]		}
[2020/04/30 16:46:44.719]		load loop{
[2020/04/30 16:46:44.719]			check load{
[2020/04/30 16:46:44.719]			}
[2020/04/30 16:46:44.719]		}
[2020/04/30 16:46:44.720]		load loop{
[2020/04/30 16:46:44.720]			check load{
[2020/04/30 16:46:44.720]				check caching{
[2020/04/30 16:46:44.720]					loading from disk{
[2020/04/30 16:46:47.234]					}
[2020/04/30 16:46:47.234]					Making slow cache{
[2020/04/30 16:46:47.989]					}
[2020/04/30 16:46:47.989] LayerChange ping
[2020/04/30 16:46:47.989]				}
[2020/04/30 16:46:47.989]			}
[2020/04/30 16:46:47.989]		}
[2020/04/30 16:46:47.989]		load loop{
[2020/04/30 16:46:47.990]			check load{
[2020/04/30 16:46:47.990]			}
[2020/04/30 16:46:47.990]		}
[2020/04/30 16:46:47.991]		load loop{
[2020/04/30 16:46:47.991]			check load{
[2020/04/30 16:46:47.991]			}
[2020/04/30 16:46:47.991]		}
[2020/04/30 16:46:47.991]		load loop{
[2020/04/30 16:46:47.991]			check load{
[2020/04/30 16:46:47.991]			}
[2020/04/30 16:46:47.991]		}
[2020/04/30 16:46:47.992]		load loop{
[2020/04/30 16:46:47.992]			check load{
[2020/04/30 16:46:47.992]			}
[2020/04/30 16:46:47.992]		}
[2020/04/30 16:46:47.992]		load loop{
[2020/04/30 16:46:47.992]			check load{
[2020/04/30 16:46:47.992]			}
[2020/04/30 16:46:47.992]		}
[2020/04/30 16:46:47.993]		load loop{
[2020/04/30 16:46:47.993]			check load{
[2020/04/30 16:46:47.993]				check caching{
[2020/04/30 16:46:47.993]					loading from disk{
[2020/04/30 16:46:49.904]					}
[2020/04/30 16:46:49.904]					Making slow cache{
[2020/04/30 16:46:50.942]					}
[2020/04/30 16:46:50.942] LayerChange ping
[2020/04/30 16:46:50.942]				}
[2020/04/30 16:46:50.942]			}
[2020/04/30 16:46:50.942]		}
[2020/04/30 16:46:50.943]		load loop{
[2020/04/30 16:46:50.943]			check load{
[2020/04/30 16:46:50.943]			}
[2020/04/30 16:46:50.943]		}
[2020/04/30 16:46:50.943]		load loop{
[2020/04/30 16:46:50.943]			check load{
[2020/04/30 16:46:50.943]				check caching{
[2020/04/30 16:46:50.943]					loading from disk{
[2020/04/30 16:46:53.588]					}
[2020/04/30 16:46:53.588]					Making slow cache{
[2020/04/30 16:46:54.521]					}
[2020/04/30 16:46:54.521] LayerChange ping
[2020/04/30 16:46:54.521]				}
[2020/04/30 16:46:54.521]			}
[2020/04/30 16:46:54.521]		}
[2020/04/30 16:46:54.521]		load loop{
[2020/04/30 16:46:54.522]			check load{
[2020/04/30 16:46:54.522]			}
[2020/04/30 16:46:54.522]		}
[2020/04/30 16:46:54.522]		load loop{
[2020/04/30 16:46:54.522]			check load{
[2020/04/30 16:46:54.522]			}
[2020/04/30 16:46:54.522]		}
[2020/04/30 16:46:54.523]		load loop{
[2020/04/30 16:46:54.523]			check load{
[2020/04/30 16:46:54.523]			}
[2020/04/30 16:46:54.523]		}
[2020/04/30 16:46:54.523]		load loop{
[2020/04/30 16:46:54.523]			check load{
[2020/04/30 16:46:54.523]			}
[2020/04/30 16:46:54.523]		}
[2020/04/30 16:46:54.524]		load loop{
[2020/04/30 16:46:54.524]			check load{
[2020/04/30 16:46:54.524]			}
[2020/04/30 16:46:54.524]		}
[2020/04/30 16:46:54.524]		load loop{
[2020/04/30 16:46:54.524]			check load{
[2020/04/30 16:46:54.524]			}
[2020/04/30 16:46:54.524]		}
[2020/04/30 16:46:54.525]		load loop{
[2020/04/30 16:46:54.525]			check load{
[2020/04/30 16:46:54.525]				check caching{
[2020/04/30 16:46:54.525]					loading from disk{
[2020/04/30 16:46:56.120]					}
[2020/04/30 16:46:56.120]					Making slow cache{
[2020/04/30 16:46:56.976]					}
[2020/04/30 16:46:56.976] LayerChange ping
[2020/04/30 16:46:56.976]				}
[2020/04/30 16:46:56.976]			}
[2020/04/30 16:46:56.976]		}
[2020/04/30 16:46:56.976]		load loop{
[2020/04/30 16:46:56.977]			check load{
[2020/04/30 16:46:56.977]			}
[2020/04/30 16:46:56.977]		}
[2020/04/30 16:46:56.978]		load loop{
[2020/04/30 16:46:56.978]			check load{
[2020/04/30 16:46:56.978]			}
[2020/04/30 16:46:56.978]		}
[2020/04/30 16:46:56.979]		load loop{
[2020/04/30 16:46:56.979]			check load{
[2020/04/30 16:46:56.979]			}
[2020/04/30 16:46:56.979]		}
[2020/04/30 16:46:56.979]		load loop{
[2020/04/30 16:46:56.979]			check load{
[2020/04/30 16:46:56.979]			}
[2020/04/30 16:46:56.979]		}
[2020/04/30 16:46:56.980]		load loop{
[2020/04/30 16:46:56.980]			check load{
[2020/04/30 16:46:56.980]			}
[2020/04/30 16:46:56.980]		}
[2020/04/30 16:46:56.980]		load loop{
[2020/04/30 16:46:56.980]			check load{
[2020/04/30 16:46:56.980]			}
[2020/04/30 16:46:56.980]		}
[2020/04/30 16:46:56.981]		load loop{
[2020/04/30 16:46:56.981]			check load{
[2020/04/30 16:46:56.981]				check caching{
[2020/04/30 16:46:56.981]					loading from disk{
[2020/04/30 16:46:59.426]					}
[2020/04/30 16:46:59.426]					Making slow cache{
[2020/04/30 16:47:00.030]					}
[2020/04/30 16:47:00.030] LayerChange ping
[2020/04/30 16:47:00.030]				}
[2020/04/30 16:47:00.030]			}
[2020/04/30 16:47:00.030]		}
[2020/04/30 16:47:00.030]		load loop{
[2020/04/30 16:47:00.031]			check load{
[2020/04/30 16:47:00.031]			}
[2020/04/30 16:47:00.031]		}
[2020/04/30 16:47:00.031]		load loop{
[2020/04/30 16:47:00.031]			check load{
[2020/04/30 16:47:00.031]			}
[2020/04/30 16:47:00.031]		}
[2020/04/30 16:47:00.032]		load loop{
[2020/04/30 16:47:00.032]			check load{
[2020/04/30 16:47:00.032]			}
[2020/04/30 16:47:00.032]		}
[2020/04/30 16:47:00.032]		load loop{
[2020/04/30 16:47:00.033]			check load{
[2020/04/30 16:47:00.033]			}
[2020/04/30 16:47:00.033]		}
[2020/04/30 16:47:00.033]		load loop{
[2020/04/30 16:47:00.033]			check load{
[2020/04/30 16:47:00.033]			}
[2020/04/30 16:47:00.033]		}
[2020/04/30 16:47:00.033]		load loop{
[2020/04/30 16:47:00.033]			check load{
[2020/04/30 16:47:00.033]			}
[2020/04/30 16:47:00.033]		}
[2020/04/30 16:47:00.034]		load loop{
[2020/04/30 16:47:00.034]			check load{
[2020/04/30 16:47:00.034]				check caching{
[2020/04/30 16:47:00.034]					loading from disk{
[2020/04/30 16:47:02.639]					}
[2020/04/30 16:47:02.639]					Making slow cache{
[2020/04/30 16:47:03.751]					}
[2020/04/30 16:47:03.751] LayerChange ping
[2020/04/30 16:47:03.751]				}
[2020/04/30 16:47:03.751]			}
[2020/04/30 16:47:03.751]		}
[2020/04/30 16:47:03.751]		load loop{
[2020/04/30 16:47:03.752]			check load{
[2020/04/30 16:47:03.752]			}
[2020/04/30 16:47:03.752]		}
[2020/04/30 16:47:03.753]		load loop{
[2020/04/30 16:47:03.753]			check load{
[2020/04/30 16:47:03.753]			}
[2020/04/30 16:47:03.753]		}
[2020/04/30 16:47:03.753]		load loop{
[2020/04/30 16:47:03.753]			check load{
[2020/04/30 16:47:03.753]			}
[2020/04/30 16:47:03.753]		}
[2020/04/30 16:47:03.754]		load loop{
[2020/04/30 16:47:03.754]			check load{
[2020/04/30 16:47:03.754]			}
[2020/04/30 16:47:03.754]		}
[2020/04/30 16:47:03.755]		load loop{
[2020/04/30 16:47:03.755]			check load{
[2020/04/30 16:47:03.755]			}
[2020/04/30 16:47:03.755]		}
[2020/04/30 16:47:03.756]		load loop{
[2020/04/30 16:47:03.756]			check load{
[2020/04/30 16:47:03.756]			}
[2020/04/30 16:47:03.756]		}
[2020/04/30 16:47:03.756]		load loop{
[2020/04/30 16:47:03.756]			check load{
[2020/04/30 16:47:03.756]			}
[2020/04/30 16:47:03.756]		}
[2020/04/30 16:47:03.757]		load loop{
[2020/04/30 16:47:03.757]			check load{
[2020/04/30 16:47:03.757]			}
[2020/04/30 16:47:03.757]		}
[2020/04/30 16:47:03.758]		load loop{
[2020/04/30 16:47:03.758]			check load{
[2020/04/30 16:47:03.758]			}
[2020/04/30 16:47:03.758]		}
[2020/04/30 16:47:03.759]		load loop{
[2020/04/30 16:47:03.759]			check load{
[2020/04/30 16:47:03.759]			}
[2020/04/30 16:47:03.759]		}
[2020/04/30 16:47:03.759]		load loop{
[2020/04/30 16:47:03.759]			check load{
[2020/04/30 16:47:03.759]				check caching{
[2020/04/30 16:47:03.759]					loading from disk{
[2020/04/30 16:47:05.676]					}
[2020/04/30 16:47:05.676]					Making slow cache{
[2020/04/30 16:47:06.427]					}
[2020/04/30 16:47:06.427] LayerChange ping
[2020/04/30 16:47:06.427]				}
[2020/04/30 16:47:06.427]			}
[2020/04/30 16:47:06.427]		}
[2020/04/30 16:47:06.427]		load loop{
[2020/04/30 16:47:06.427]			check load{
[2020/04/30 16:47:06.427]			}
[2020/04/30 16:47:06.427]		}
[2020/04/30 16:47:06.428]		load loop{
[2020/04/30 16:47:06.428]			check load{
[2020/04/30 16:47:06.428]				check caching{
[2020/04/30 16:47:06.428]					loading from disk{
[2020/04/30 16:47:07.862]					}
[2020/04/30 16:47:07.862]					Making slow cache{
[2020/04/30 16:47:09.134]					}
[2020/04/30 16:47:09.134] LayerChange ping
[2020/04/30 16:47:09.135]				}
[2020/04/30 16:47:09.135]			}
[2020/04/30 16:47:09.135]		}
[2020/04/30 16:47:09.135]		load loop{
[2020/04/30 16:47:09.135]			check load{
[2020/04/30 16:47:09.135]				check caching{
[2020/04/30 16:47:09.135]					loading from disk{
[2020/04/30 16:47:10.535]					}
[2020/04/30 16:47:10.535]					Making slow cache{
[2020/04/30 16:47:11.197]					}
[2020/04/30 16:47:11.197] LayerChange ping
[2020/04/30 16:47:11.197]				}
[2020/04/30 16:47:11.197]			}
[2020/04/30 16:47:11.197]		}
[2020/04/30 16:47:11.197]		load loop{
[2020/04/30 16:47:11.197]			check load{
[2020/04/30 16:47:11.197]				check caching{
[2020/04/30 16:47:11.197]					loading from disk{
[2020/04/30 16:47:13.400]					}
[2020/04/30 16:47:13.400]					Making slow cache{
[2020/04/30 16:47:14.251]					}
[2020/04/30 16:47:14.251] LayerChange ping
[2020/04/30 16:47:14.251]				}
[2020/04/30 16:47:14.251]			}
[2020/04/30 16:47:14.251]		}
[2020/04/30 16:47:14.252]		load loop{
[2020/04/30 16:47:14.252]			check load{
[2020/04/30 16:47:14.252]				check caching{
[2020/04/30 16:47:14.252]					loading from disk{
[2020/04/30 16:47:16.677]					}
[2020/04/30 16:47:16.677]					Making slow cache{
[2020/04/30 16:47:17.368]					}
[2020/04/30 16:47:17.368] LayerChange ping
[2020/04/30 16:47:17.368]				}
[2020/04/30 16:47:17.368]			}
[2020/04/30 16:47:17.368]		}
[2020/04/30 16:47:17.368]		load loop{
[2020/04/30 16:47:17.368]			check load{
[2020/04/30 16:47:17.368]				check caching{
[2020/04/30 16:47:17.368]					loading from disk{
[2020/04/30 16:47:19.914]					}
[2020/04/30 16:47:19.914]					Making slow cache{
[2020/04/30 16:47:20.572]					}
[2020/04/30 16:47:20.572] LayerChange ping
[2020/04/30 16:47:20.572]				}
[2020/04/30 16:47:20.572]			}
[2020/04/30 16:47:20.572]		}
[2020/04/30 16:47:20.573]		load loop{
[2020/04/30 16:47:20.573]			check load{
[2020/04/30 16:47:20.573]				check caching{
[2020/04/30 16:47:20.573]					loading from disk{
[2020/04/30 16:47:22.542]					}
[2020/04/30 16:47:22.542]					Making slow cache{
[2020/04/30 16:47:23.236]					}
[2020/04/30 16:47:23.236] LayerChange ping
[2020/04/30 16:47:23.236]				}
[2020/04/30 16:47:23.236]			}
[2020/04/30 16:47:23.236]		}
[2020/04/30 16:47:23.236]		load loop{
[2020/04/30 16:47:23.236]			check load{
[2020/04/30 16:47:23.236]				check caching{
[2020/04/30 16:47:23.236]					loading from disk{
[2020/04/30 16:47:24.812]					}
[2020/04/30 16:47:24.812]					Making slow cache{
[2020/04/30 16:47:25.638]					}
[2020/04/30 16:47:25.638] LayerChange ping
[2020/04/30 16:47:25.638]				}
[2020/04/30 16:47:25.638]			}
[2020/04/30 16:47:25.638]		}
[2020/04/30 16:47:25.639]		load loop{
[2020/04/30 16:47:25.639]			check load{
[2020/04/30 16:47:25.639]				check caching{
[2020/04/30 16:47:25.639]					loading from disk{
[2020/04/30 16:47:27.735]					}
[2020/04/30 16:47:27.735]					Making slow cache{
[2020/04/30 16:47:28.387]					}
[2020/04/30 16:47:28.387] LayerChange ping
[2020/04/30 16:47:28.387]				}
[2020/04/30 16:47:28.387]			}
[2020/04/30 16:47:28.387]		}
[2020/04/30 16:47:28.388]		load loop{
[2020/04/30 16:47:28.388]			check load{
[2020/04/30 16:47:28.388]				check caching{
[2020/04/30 16:47:28.388]					loading from disk{
[2020/04/30 16:47:30.531]					}
[2020/04/30 16:47:30.531]					Making slow cache{
[2020/04/30 16:47:31.183]					}
[2020/04/30 16:47:31.183] LayerChange ping
[2020/04/30 16:47:31.183]				}
[2020/04/30 16:47:31.183]			}
[2020/04/30 16:47:31.183]		}
[2020/04/30 16:47:31.184]		load loop{
[2020/04/30 16:47:31.184]			check load{
[2020/04/30 16:47:31.184]				check caching{
[2020/04/30 16:47:31.184]					loading from disk{
[2020/04/30 16:47:33.604]					}
[2020/04/30 16:47:33.604]					Making slow cache{
[2020/04/30 16:47:35.200]					}
[2020/04/30 16:47:35.200] LayerChange ping
[2020/04/30 16:47:35.200]				}
[2020/04/30 16:47:35.200]			}
[2020/04/30 16:47:35.200]		}
[2020/04/30 16:47:35.201]		load loop{
[2020/04/30 16:47:35.201]			check load{
[2020/04/30 16:47:35.201]				check caching{
[2020/04/30 16:47:35.201]					loading from disk{
[2020/04/30 16:47:37.319]					}
[2020/04/30 16:47:37.319]					Making slow cache{
[2020/04/30 16:47:38.336]					}
[2020/04/30 16:47:38.336] LayerChange ping
[2020/04/30 16:47:38.336]				}
[2020/04/30 16:47:38.336]			}
[2020/04/30 16:47:38.336]		}
[2020/04/30 16:47:38.337]		load loop{
[2020/04/30 16:47:38.338]			check load{
[2020/04/30 16:47:38.338]			}
[2020/04/30 16:47:38.338]		}
[2020/04/30 16:47:38.338]		load loop{
[2020/04/30 16:47:38.338]			check load{
[2020/04/30 16:47:38.338]			}
[2020/04/30 16:47:38.338]		}
[2020/04/30 16:47:38.339]		load loop{
[2020/04/30 16:47:38.339]			check load{
[2020/04/30 16:47:38.339]			}
[2020/04/30 16:47:38.339]		}
[2020/04/30 16:47:38.339]		load loop{
[2020/04/30 16:47:38.339]			check load{
[2020/04/30 16:47:38.339]			}
[2020/04/30 16:47:38.339]		}
[2020/04/30 16:47:38.340]		load loop{
[2020/04/30 16:47:38.340]			check load{
[2020/04/30 16:47:38.340]			}
[2020/04/30 16:47:38.340]		}
[2020/04/30 16:47:38.340]		load loop{
[2020/04/30 16:47:38.340]			check load{
[2020/04/30 16:47:38.340]			}
[2020/04/30 16:47:38.340]		}
[2020/04/30 16:47:38.341]		load loop{
[2020/04/30 16:47:38.341]			check load{
[2020/04/30 16:47:38.341]			}
[2020/04/30 16:47:38.341]		}
[2020/04/30 16:47:38.341]		load loop{
[2020/04/30 16:47:38.341]			check load{
[2020/04/30 16:47:38.341]			}
[2020/04/30 16:47:38.341]		}
[2020/04/30 16:47:38.342]		load loop{
[2020/04/30 16:47:38.342]			check load{
[2020/04/30 16:47:38.342]			}
[2020/04/30 16:47:38.342]		}
[2020/04/30 16:47:38.342]		load loop{
[2020/04/30 16:47:38.342]			check load{
[2020/04/30 16:47:38.342]			}
[2020/04/30 16:47:38.342]		}
[2020/04/30 16:47:38.343]		load loop{
[2020/04/30 16:47:38.343]			check load{
[2020/04/30 16:47:38.343]			}
[2020/04/30 16:47:38.343]		}
[2020/04/30 16:47:38.343]		load loop{
[2020/04/30 16:47:38.343]			check load{
[2020/04/30 16:47:38.343]			}
[2020/04/30 16:47:38.343]		}
[2020/04/30 16:47:38.344]		load loop{
[2020/04/30 16:47:38.344]			check load{
[2020/04/30 16:47:38.344]			}
[2020/04/30 16:47:38.344]		}
[2020/04/30 16:47:38.344]		load loop{
[2020/04/30 16:47:38.345]			check load{
[2020/04/30 16:47:38.345]			}
[2020/04/30 16:47:38.345]		}
[2020/04/30 16:47:38.345]		load loop{
[2020/04/30 16:47:38.345]			check load{
[2020/04/30 16:47:38.345]			}
[2020/04/30 16:47:38.345]		}
[2020/04/30 16:47:38.346]		load loop{
[2020/04/30 16:47:38.346]			check load{
[2020/04/30 16:47:38.346]			}
[2020/04/30 16:47:38.346]		}
[2020/04/30 16:47:38.346]		load loop{
[2020/04/30 16:47:38.346]			check load{
[2020/04/30 16:47:38.346]			}
[2020/04/30 16:47:38.346]		}
[2020/04/30 16:47:38.347]		load loop{
[2020/04/30 16:47:38.347]			check load{
[2020/04/30 16:47:38.347]			}
[2020/04/30 16:47:38.347]		}
[2020/04/30 16:47:38.347]		load loop{
[2020/04/30 16:47:38.347]			check load{
[2020/04/30 16:47:38.347]			}
[2020/04/30 16:47:38.347]		}
[2020/04/30 16:47:38.347]		load loop{
[2020/04/30 16:47:38.347]			check load{
[2020/04/30 16:47:38.347]			}
[2020/04/30 16:47:38.347]		}
[2020/04/30 16:47:38.348]		load loop{
[2020/04/30 16:47:38.348]			check load{
[2020/04/30 16:47:38.348]			}
[2020/04/30 16:47:38.348]		}
[2020/04/30 16:47:38.348]		load loop{
[2020/04/30 16:47:38.348]			check load{
[2020/04/30 16:47:38.348]			}
[2020/04/30 16:47:38.348]		}
[2020/04/30 16:47:38.349]		load loop{
[2020/04/30 16:47:38.349]			check load{
[2020/04/30 16:47:38.349]				check caching{
[2020/04/30 16:47:38.349]					loading from disk{
[2020/04/30 16:47:40.952]					}
[2020/04/30 16:47:40.952]					Making slow cache{
[2020/04/30 16:47:42.040]					}
[2020/04/30 16:47:42.040] LayerChange ping
[2020/04/30 16:47:42.040]				}
[2020/04/30 16:47:42.040]			}
[2020/04/30 16:47:42.040]		}
[2020/04/30 16:47:42.040]		load loop{
[2020/04/30 16:47:42.041]			check load{
[2020/04/30 16:47:42.041]			}
[2020/04/30 16:47:42.041]		}
[2020/04/30 16:47:42.041]		load loop{
[2020/04/30 16:47:42.041]			check load{
[2020/04/30 16:47:42.041]			}
[2020/04/30 16:47:42.041]		}
[2020/04/30 16:47:42.042]		load loop{
[2020/04/30 16:47:42.042]			check load{
[2020/04/30 16:47:42.042]			}
[2020/04/30 16:47:42.042]		}
[2020/04/30 16:47:42.042]		load loop{
[2020/04/30 16:47:42.042]			check load{
[2020/04/30 16:47:42.042]			}
[2020/04/30 16:47:42.042]		}
[2020/04/30 16:47:42.043]		load loop{
[2020/04/30 16:47:42.043]			check load{
[2020/04/30 16:47:42.043]			}
[2020/04/30 16:47:42.043]		}
[2020/04/30 16:47:42.044]		load loop{
[2020/04/30 16:47:42.044]			check load{
[2020/04/30 16:47:42.044]			}
[2020/04/30 16:47:42.044]		}
[2020/04/30 16:47:42.044]		load loop{
[2020/04/30 16:47:42.044]			check load{
[2020/04/30 16:47:42.044]			}
[2020/04/30 16:47:42.044]		}
[2020/04/30 16:47:42.045]		load loop{
[2020/04/30 16:47:42.045]			check load{
[2020/04/30 16:47:42.045]			}
[2020/04/30 16:47:42.045]		}
[2020/04/30 16:47:42.045]		load loop{
[2020/04/30 16:47:42.045]			check load{
[2020/04/30 16:47:42.045]			}
[2020/04/30 16:47:42.045]		}
[2020/04/30 16:47:42.046]		load loop{
[2020/04/30 16:47:42.046]			check load{
[2020/04/30 16:47:42.046]			}
[2020/04/30 16:47:42.046]		}
[2020/04/30 16:47:42.046]		load loop{
[2020/04/30 16:47:42.046]			check load{
[2020/04/30 16:47:42.046]			}
[2020/04/30 16:47:42.046]		}
[2020/04/30 16:47:42.047]		load loop{
[2020/04/30 16:47:42.047]			check load{
[2020/04/30 16:47:42.047]			}
[2020/04/30 16:47:42.047]		}
[2020/04/30 16:47:42.047]		load loop{
[2020/04/30 16:47:42.047]			check load{
[2020/04/30 16:47:42.047]			}
[2020/04/30 16:47:42.047]		}
[2020/04/30 16:47:42.048]		load loop{
[2020/04/30 16:47:42.048]			check load{
[2020/04/30 16:47:42.048]			}
[2020/04/30 16:47:42.048]		}
[2020/04/30 16:47:42.048]		load loop{
[2020/04/30 16:47:42.048]			check load{
[2020/04/30 16:47:42.048]			}
[2020/04/30 16:47:42.048]		}
[2020/04/30 16:47:42.048]		load loop{
[2020/04/30 16:47:42.048]			check load{
[2020/04/30 16:47:42.048]			}
[2020/04/30 16:47:42.048]		}
[2020/04/30 16:47:42.049]		load loop{
[2020/04/30 16:47:42.049]			check load{
[2020/04/30 16:47:42.049]			}
[2020/04/30 16:47:42.049]		}
[2020/04/30 16:47:42.049]		load loop{
[2020/04/30 16:47:42.049]			check load{
[2020/04/30 16:47:42.049]			}
[2020/04/30 16:47:42.049]		}
[2020/04/30 16:47:42.050]		load loop{
[2020/04/30 16:47:42.050]			check load{
[2020/04/30 16:47:42.050]			}
[2020/04/30 16:47:42.050]		}
[2020/04/30 16:47:42.050]		load loop{
[2020/04/30 16:47:42.050]			check load{
[2020/04/30 16:47:42.050]			}
[2020/04/30 16:47:42.050]		}
[2020/04/30 16:47:42.050]		load loop{
[2020/04/30 16:47:42.050]			check load{
[2020/04/30 16:47:42.050]			}
[2020/04/30 16:47:42.050]		}
[2020/04/30 16:47:42.051]		load loop{
[2020/04/30 16:47:42.051]			check load{
[2020/04/30 16:47:42.051]			}
[2020/04/30 16:47:42.051]		}
[2020/04/30 16:47:42.051]		load loop{
[2020/04/30 16:47:42.051]			check load{
[2020/04/30 16:47:42.051]			}
[2020/04/30 16:47:42.051]		}
[2020/04/30 16:47:42.051]		load loop{
[2020/04/30 16:47:42.051]			check load{
[2020/04/30 16:47:42.051]				check caching{
[2020/04/30 16:47:42.051]					loading from disk{
[2020/04/30 16:47:43.856]					}
[2020/04/30 16:47:43.856]					Making slow cache{
[2020/04/30 16:47:44.505]					}
[2020/04/30 16:47:44.505] LayerChange ping
[2020/04/30 16:47:44.505]				}
[2020/04/30 16:47:44.505]			}
[2020/04/30 16:47:44.505]		}
[2020/04/30 16:47:44.506]		load loop{
[2020/04/30 16:47:44.506]			check load{
[2020/04/30 16:47:44.506]			}
[2020/04/30 16:47:44.506]		}
[2020/04/30 16:47:44.507]		load loop{
[2020/04/30 16:47:44.507]			check load{
[2020/04/30 16:47:44.507]				check caching{
[2020/04/30 16:47:44.507]					loading from disk{
[2020/04/30 16:47:45.876]					}
[2020/04/30 16:47:45.876]					Making slow cache{
[2020/04/30 16:47:46.495]					}
[2020/04/30 16:47:46.495] LayerChange ping
[2020/04/30 16:47:46.495]				}
[2020/04/30 16:47:46.495]			}
[2020/04/30 16:47:46.495]		}
