[2020/04/30 16:46:27.511]PriorityStack Manager(){
[2020/04/30 16:46:29.370]	PriorityStackManager.run(){
[2020/04/30 16:46:29.370]		Loop manage{
[2020/04/30 16:46:29.370]			check cache{
[2020/04/30 16:46:29.370]			}
[2020/04/30 16:46:29.370]		}
[2020/04/30 16:46:29.371]		Loop manage{
[2020/04/30 16:46:29.371]			check cache{
[2020/04/30 16:46:29.371]			}
[2020/04/30 16:46:29.371]		}
[2020/04/30 16:46:29.372]		Loop manage{
[2020/04/30 16:46:29.372]			check cache{
[2020/04/30 16:46:29.372]			}
[2020/04/30 16:46:29.372]		}
[2020/04/30 16:46:29.372]		Loop manage{
[2020/04/30 16:46:29.372]			check cache{
[2020/04/30 16:46:29.372]			}
[2020/04/30 16:46:29.372]		}
[2020/04/30 16:46:29.373]		Loop manage{
[2020/04/30 16:46:29.373]			check cache{
[2020/04/30 16:46:29.373]			}
[2020/04/30 16:46:29.373]		}
[2020/04/30 16:46:29.414]		Loop manage{
[2020/04/30 16:46:29.414]			check cache{
[2020/04/30 16:46:29.414]			}
[2020/04/30 16:46:29.414]		}
[2020/04/30 16:46:29.420]		Loop manage{
[2020/04/30 16:46:29.420]			check cache{
[2020/04/30 16:46:29.420]			}
[2020/04/30 16:46:29.420]		}
[2020/04/30 16:46:29.421]		Loop manage{
[2020/04/30 16:46:29.421]			check cache{
[2020/04/30 16:46:29.421]			}
[2020/04/30 16:46:29.421]		}
[2020/04/30 16:46:29.421]		Loop manage{
[2020/04/30 16:46:29.421]			check cache{
[2020/04/30 16:46:29.421]			}
[2020/04/30 16:46:29.421]		}
[2020/04/30 16:46:29.422]		Loop manage{
[2020/04/30 16:46:29.422]			check cache{
[2020/04/30 16:46:29.422]			}
[2020/04/30 16:46:29.422]		}
[2020/04/30 16:46:29.423]		Loop manage{
[2020/04/30 16:46:29.423]			Waiting untill awoken{
[2020/04/30 16:46:31.806] Awoken
[2020/04/30 16:46:31.806]			}
[2020/04/30 16:46:31.806]		}
[2020/04/30 16:46:31.807]		Loop manage{
[2020/04/30 16:46:31.807]			check cache{
[2020/04/30 16:46:31.807]			}
[2020/04/30 16:46:31.807]		}
[2020/04/30 16:46:31.807]		Loop manage{
[2020/04/30 16:46:31.807]			check cache{
[2020/04/30 16:46:31.807]			}
[2020/04/30 16:46:31.807]		}
[2020/04/30 16:46:31.808]		Loop manage{
[2020/04/30 16:46:31.808]			check cache{
[2020/04/30 16:46:31.808]			}
[2020/04/30 16:46:31.808]		}
[2020/04/30 16:46:31.809]		Loop manage{
[2020/04/30 16:46:31.809]			check cache{
[2020/04/30 16:46:31.809]			}
[2020/04/30 16:46:31.809]		}
[2020/04/30 16:46:31.810]		Loop manage{
[2020/04/30 16:46:31.810]			check cache{
[2020/04/30 16:46:31.810]			}
[2020/04/30 16:46:31.810]		}
[2020/04/30 16:46:31.811]		Loop manage{
[2020/04/30 16:46:31.811]			check cache{
[2020/04/30 16:46:31.811]			}
[2020/04/30 16:46:31.811]		}
[2020/04/30 16:46:31.812]		Loop manage{
[2020/04/30 16:46:31.812]			check cache{
[2020/04/30 16:46:31.812]			}
[2020/04/30 16:46:31.812]		}
[2020/04/30 16:46:31.812]		Loop manage{
[2020/04/30 16:46:31.812]			check cache{
[2020/04/30 16:46:31.812]			}
[2020/04/30 16:46:31.812]		}
[2020/04/30 16:46:31.813]		Loop manage{
[2020/04/30 16:46:31.813]			check cache{
[2020/04/30 16:46:31.813]			}
[2020/04/30 16:46:31.813]		}
[2020/04/30 16:46:31.814]		Loop manage{
[2020/04/30 16:46:31.814]			check cache{
[2020/04/30 16:46:31.814]			}
[2020/04/30 16:46:31.814]		}
[2020/04/30 16:46:31.814]		Loop manage{
[2020/04/30 16:46:31.814]			Waiting untill awoken{
[2020/04/30 16:46:34.848] Awoken
[2020/04/30 16:46:34.848]			}
[2020/04/30 16:46:34.848]		}
[2020/04/30 16:46:34.848]		Loop manage{
[2020/04/30 16:46:34.848]			check cache{
[2020/04/30 16:46:34.848]			}
[2020/04/30 16:46:34.848]		}
[2020/04/30 16:46:34.849]		Loop manage{
[2020/04/30 16:46:34.849]			check cache{
[2020/04/30 16:46:34.849]			}
[2020/04/30 16:46:34.849]		}
[2020/04/30 16:46:34.849]		Loop manage{
[2020/04/30 16:46:34.849]			check cache{
[2020/04/30 16:46:34.849]			}
[2020/04/30 16:46:34.849]		}
[2020/04/30 16:46:34.850]		Loop manage{
[2020/04/30 16:46:34.850]			check cache{
[2020/04/30 16:46:34.850]			}
[2020/04/30 16:46:34.850]		}
[2020/04/30 16:46:34.850]		Loop manage{
[2020/04/30 16:46:34.850]			check cache{
[2020/04/30 16:46:34.850]			}
[2020/04/30 16:46:34.850]		}
[2020/04/30 16:46:34.850]		Loop manage{
[2020/04/30 16:46:34.850]			check cache{
[2020/04/30 16:46:34.851]			}
[2020/04/30 16:46:34.851]		}
[2020/04/30 16:46:34.851]		Loop manage{
[2020/04/30 16:46:34.851]			check cache{
[2020/04/30 16:46:34.851]			}
[2020/04/30 16:46:34.851]		}
[2020/04/30 16:46:34.851]		Loop manage{
[2020/04/30 16:46:34.851]			check cache{
[2020/04/30 16:46:34.851]			}
[2020/04/30 16:46:34.851]		}
[2020/04/30 16:46:34.852]		Loop manage{
[2020/04/30 16:46:34.852]			check cache{
[2020/04/30 16:46:34.852]			}
[2020/04/30 16:46:34.852]		}
[2020/04/30 16:46:34.852]		Loop manage{
[2020/04/30 16:46:34.852]			check cache{
[2020/04/30 16:46:34.852]			}
[2020/04/30 16:46:34.852]		}
[2020/04/30 16:46:34.853]		Loop manage{
[2020/04/30 16:46:34.853]			Waiting untill awoken{
[2020/04/30 16:46:38.385] Awoken
[2020/04/30 16:46:38.385]			}
[2020/04/30 16:46:38.385]		}
[2020/04/30 16:46:38.385]		Loop manage{
[2020/04/30 16:46:38.385]			check cache{
[2020/04/30 16:46:38.385]			}
[2020/04/30 16:46:38.385]		}
[2020/04/30 16:46:38.386]		Loop manage{
[2020/04/30 16:46:38.386]			check cache{
[2020/04/30 16:46:38.386]			}
[2020/04/30 16:46:38.386]		}
[2020/04/30 16:46:38.386]		Loop manage{
[2020/04/30 16:46:38.386]			check cache{
[2020/04/30 16:46:38.386]			}
[2020/04/30 16:46:38.386]		}
[2020/04/30 16:46:38.387]		Loop manage{
[2020/04/30 16:46:38.387]			check cache{
[2020/04/30 16:46:38.387]			}
[2020/04/30 16:46:38.387]		}
[2020/04/30 16:46:38.388]		Loop manage{
[2020/04/30 16:46:38.388]			check cache{
[2020/04/30 16:46:38.388]			}
[2020/04/30 16:46:38.388]		}
[2020/04/30 16:46:38.388]		Loop manage{
[2020/04/30 16:46:38.388]			check cache{
[2020/04/30 16:46:38.388]			}
[2020/04/30 16:46:38.388]		}
[2020/04/30 16:46:38.389]		Loop manage{
[2020/04/30 16:46:38.389]			check cache{
[2020/04/30 16:46:38.389]			}
[2020/04/30 16:46:38.389]		}
[2020/04/30 16:46:38.390]		Loop manage{
[2020/04/30 16:46:38.390]			check cache{
[2020/04/30 16:46:38.390]			}
[2020/04/30 16:46:38.390]		}
[2020/04/30 16:46:38.390]		Loop manage{
[2020/04/30 16:46:38.390]			check cache{
[2020/04/30 16:46:38.390]			}
[2020/04/30 16:46:38.390]		}
[2020/04/30 16:46:38.391]		Loop manage{
[2020/04/30 16:46:38.391]			check cache{
[2020/04/30 16:46:38.391]			}
[2020/04/30 16:46:38.391]		}
[2020/04/30 16:46:38.392]		Loop manage{
[2020/04/30 16:46:38.392]			Waiting untill awoken{
[2020/04/30 16:46:40.748] Awoken
[2020/04/30 16:46:40.748]			}
[2020/04/30 16:46:40.748]		}
[2020/04/30 16:46:40.749]		Loop manage{
[2020/04/30 16:46:40.749]			check cache{
[2020/04/30 16:46:40.749]			}
[2020/04/30 16:46:40.749]		}
[2020/04/30 16:46:40.750]		Loop manage{
[2020/04/30 16:46:40.750]			check cache{
[2020/04/30 16:46:40.750]			}
[2020/04/30 16:46:40.750]		}
[2020/04/30 16:46:40.750]		Loop manage{
[2020/04/30 16:46:40.750]			check cache{
[2020/04/30 16:46:40.750]			}
[2020/04/30 16:46:40.750]		}
[2020/04/30 16:46:40.750]		Loop manage{
[2020/04/30 16:46:40.750]			check cache{
[2020/04/30 16:46:40.750]			}
[2020/04/30 16:46:40.750]		}
[2020/04/30 16:46:40.751]		Loop manage{
[2020/04/30 16:46:40.751]			check cache{
[2020/04/30 16:46:40.751]			}
[2020/04/30 16:46:40.751]		}
[2020/04/30 16:46:40.752]		Loop manage{
[2020/04/30 16:46:40.752]			check cache{
[2020/04/30 16:46:40.752]			}
[2020/04/30 16:46:40.752]		}
[2020/04/30 16:46:40.752]		Loop manage{
[2020/04/30 16:46:40.752]			check cache{
[2020/04/30 16:46:40.752]			}
[2020/04/30 16:46:40.752]		}
[2020/04/30 16:46:40.753]		Loop manage{
[2020/04/30 16:46:40.753]			check cache{
[2020/04/30 16:46:40.753]			}
[2020/04/30 16:46:40.753]		}
[2020/04/30 16:46:40.753]		Loop manage{
[2020/04/30 16:46:40.753]			check cache{
[2020/04/30 16:46:40.753]			}
[2020/04/30 16:46:40.753]		}
[2020/04/30 16:46:40.754]		Loop manage{
[2020/04/30 16:46:40.754]			check cache{
[2020/04/30 16:46:40.754]			}
[2020/04/30 16:46:40.754]		}
[2020/04/30 16:46:40.755]		Loop manage{
[2020/04/30 16:46:40.755]			Waiting untill awoken{
[2020/04/30 16:46:42.722] Awoken
[2020/04/30 16:46:42.722]			}
[2020/04/30 16:46:42.722]		}
[2020/04/30 16:46:42.798]		Loop manage{
[2020/04/30 16:46:42.798]			check cache{
[2020/04/30 16:46:42.798]			}
[2020/04/30 16:46:42.798]		}
[2020/04/30 16:46:42.827]		Loop manage{
[2020/04/30 16:46:42.827]			check cache{
[2020/04/30 16:46:42.827]			}
[2020/04/30 16:46:42.827]		}
[2020/04/30 16:46:42.828]		Loop manage{
[2020/04/30 16:46:42.828]			check cache{
[2020/04/30 16:46:42.828]			}
[2020/04/30 16:46:42.828]		}
[2020/04/30 16:46:42.829]		Loop manage{
[2020/04/30 16:46:42.829]			check cache{
[2020/04/30 16:46:42.829]			}
[2020/04/30 16:46:42.829]		}
[2020/04/30 16:46:42.829]		Loop manage{
[2020/04/30 16:46:42.829]			check cache{
[2020/04/30 16:46:42.829]			}
[2020/04/30 16:46:42.829]		}
[2020/04/30 16:46:42.830]		Loop manage{
[2020/04/30 16:46:42.830]			check cache{
[2020/04/30 16:46:42.830]			}
[2020/04/30 16:46:42.830]		}
[2020/04/30 16:46:42.830]		Loop manage{
[2020/04/30 16:46:42.830]			check cache{
[2020/04/30 16:46:42.830]			}
[2020/04/30 16:46:42.830]		}
[2020/04/30 16:46:42.831]		Loop manage{
[2020/04/30 16:46:42.831]			check cache{
[2020/04/30 16:46:42.831]			}
[2020/04/30 16:46:42.831]		}
[2020/04/30 16:46:42.831]		Loop manage{
[2020/04/30 16:46:42.831]			check cache{
[2020/04/30 16:46:42.831]			}
[2020/04/30 16:46:42.831]		}
[2020/04/30 16:46:42.832]		Loop manage{
[2020/04/30 16:46:42.832]			check cache{
[2020/04/30 16:46:42.832]			}
[2020/04/30 16:46:42.832]		}
[2020/04/30 16:46:42.832]		Loop manage{
[2020/04/30 16:46:42.832]			Waiting untill awoken{
[2020/04/30 16:46:44.716] Awoken
[2020/04/30 16:46:44.716]			}
[2020/04/30 16:46:44.716]		}
[2020/04/30 16:46:44.717]		Loop manage{
[2020/04/30 16:46:44.717]			check cache{
[2020/04/30 16:46:44.717]			}
[2020/04/30 16:46:44.717]		}
[2020/04/30 16:46:44.718]		Loop manage{
[2020/04/30 16:46:44.718]			check cache{
[2020/04/30 16:46:44.718]			}
[2020/04/30 16:46:44.718]		}
[2020/04/30 16:46:44.719]		Loop manage{
[2020/04/30 16:46:44.719]			check cache{
[2020/04/30 16:46:44.719]			}
[2020/04/30 16:46:44.719]		}
[2020/04/30 16:46:44.719]		Loop manage{
[2020/04/30 16:46:44.719]			check cache{
[2020/04/30 16:46:44.719]			}
[2020/04/30 16:46:44.719]		}
[2020/04/30 16:46:44.720]		Loop manage{
[2020/04/30 16:46:44.720]			check cache{
[2020/04/30 16:46:44.720]			}
[2020/04/30 16:46:44.720]		}
[2020/04/30 16:46:44.721]		Loop manage{
[2020/04/30 16:46:44.721]			check cache{
[2020/04/30 16:46:44.721]			}
[2020/04/30 16:46:44.721]		}
[2020/04/30 16:46:44.721]		Loop manage{
[2020/04/30 16:46:44.721]			check cache{
[2020/04/30 16:46:44.721]			}
[2020/04/30 16:46:44.721]		}
[2020/04/30 16:46:44.722]		Loop manage{
[2020/04/30 16:46:44.722]			check cache{
[2020/04/30 16:46:44.722]			}
[2020/04/30 16:46:44.722]		}
[2020/04/30 16:46:44.723]		Loop manage{
[2020/04/30 16:46:44.723]			check cache{
[2020/04/30 16:46:44.723]			}
[2020/04/30 16:46:44.723]		}
[2020/04/30 16:46:44.723]		Loop manage{
[2020/04/30 16:46:44.723]			check cache{
[2020/04/30 16:46:44.723]			}
[2020/04/30 16:46:44.723]		}
[2020/04/30 16:46:44.724]		Loop manage{
[2020/04/30 16:46:44.724]			Waiting untill awoken{
[2020/04/30 16:46:47.061] Awoken
[2020/04/30 16:46:47.061]			}
[2020/04/30 16:46:47.061]		}
[2020/04/30 16:46:47.062]		Loop manage{
[2020/04/30 16:46:47.062]			check cache{
[2020/04/30 16:46:47.062]			}
[2020/04/30 16:46:47.062]		}
[2020/04/30 16:46:47.062]		Loop manage{
[2020/04/30 16:46:47.062]			check cache{
[2020/04/30 16:46:47.062]			}
[2020/04/30 16:46:47.062]		}
[2020/04/30 16:46:47.063]		Loop manage{
[2020/04/30 16:46:47.063]			check cache{
[2020/04/30 16:46:47.063]			}
[2020/04/30 16:46:47.063]		}
[2020/04/30 16:46:47.063]		Loop manage{
[2020/04/30 16:46:47.063]			check cache{
[2020/04/30 16:46:47.063]			}
[2020/04/30 16:46:47.063]		}
[2020/04/30 16:46:47.064]		Loop manage{
[2020/04/30 16:46:47.064]			check cache{
[2020/04/30 16:46:47.064]			}
[2020/04/30 16:46:47.064]		}
[2020/04/30 16:46:47.064]		Loop manage{
[2020/04/30 16:46:47.064]			check cache{
[2020/04/30 16:46:47.064]			}
[2020/04/30 16:46:47.064]		}
[2020/04/30 16:46:47.065]		Loop manage{
[2020/04/30 16:46:47.065]			check cache{
[2020/04/30 16:46:47.065]			}
[2020/04/30 16:46:47.065]		}
[2020/04/30 16:46:47.065]		Loop manage{
[2020/04/30 16:46:47.065]			check cache{
[2020/04/30 16:46:47.065]			}
[2020/04/30 16:46:47.065]		}
[2020/04/30 16:46:47.066]		Loop manage{
[2020/04/30 16:46:47.066]			check cache{
[2020/04/30 16:46:47.066]			}
[2020/04/30 16:46:47.066]		}
[2020/04/30 16:46:47.066]		Loop manage{
[2020/04/30 16:46:47.066]			check cache{
[2020/04/30 16:46:47.066]			}
[2020/04/30 16:46:47.066]		}
[2020/04/30 16:46:47.067]		Loop manage{
[2020/04/30 16:46:47.067]			Waiting untill awoken{
[2020/04/30 16:46:47.989] Awoken
[2020/04/30 16:46:47.989]			}
[2020/04/30 16:46:47.989]		}
[2020/04/30 16:46:47.989]		Loop manage{
[2020/04/30 16:46:47.989]			check cache{
[2020/04/30 16:46:47.990]			}
[2020/04/30 16:46:47.990]		}
[2020/04/30 16:46:47.990]		Loop manage{
[2020/04/30 16:46:47.990]			check cache{
[2020/04/30 16:46:47.990]			}
[2020/04/30 16:46:47.990]		}
[2020/04/30 16:46:47.991]		Loop manage{
[2020/04/30 16:46:47.991]			check cache{
[2020/04/30 16:46:47.991]			}
[2020/04/30 16:46:47.991]		}
[2020/04/30 16:46:47.991]		Loop manage{
[2020/04/30 16:46:47.991]			check cache{
[2020/04/30 16:46:47.991]			}
[2020/04/30 16:46:47.991]		}
[2020/04/30 16:46:47.992]		Loop manage{
[2020/04/30 16:46:47.992]			check cache{
[2020/04/30 16:46:47.992]			}
[2020/04/30 16:46:47.992]		}
[2020/04/30 16:46:47.993]		Loop manage{
[2020/04/30 16:46:47.993]			check cache{
[2020/04/30 16:46:47.993]			}
[2020/04/30 16:46:47.993]		}
[2020/04/30 16:46:47.993]		Loop manage{
[2020/04/30 16:46:47.993]			check cache{
[2020/04/30 16:46:47.993]			}
[2020/04/30 16:46:47.994]		}
[2020/04/30 16:46:47.994]		Loop manage{
[2020/04/30 16:46:47.994]			check cache{
[2020/04/30 16:46:47.994]			}
[2020/04/30 16:46:47.994]		}
[2020/04/30 16:46:47.995]		Loop manage{
[2020/04/30 16:46:47.995]			check cache{
[2020/04/30 16:46:47.995]			}
[2020/04/30 16:46:47.995]		}
[2020/04/30 16:46:47.996]		Loop manage{
[2020/04/30 16:46:47.996]			check cache{
[2020/04/30 16:46:47.996]			}
[2020/04/30 16:46:47.996]		}
[2020/04/30 16:46:47.997]		Loop manage{
[2020/04/30 16:46:47.997]			Waiting untill awoken{
[2020/04/30 16:46:50.942] Awoken
[2020/04/30 16:46:50.942]			}
[2020/04/30 16:46:50.942]		}
[2020/04/30 16:46:50.943]		Loop manage{
[2020/04/30 16:46:50.943]			check cache{
[2020/04/30 16:46:50.943]			}
[2020/04/30 16:46:50.943]		}
[2020/04/30 16:46:50.943]		Loop manage{
[2020/04/30 16:46:50.943]			check cache{
[2020/04/30 16:46:50.943]			}
[2020/04/30 16:46:50.943]		}
[2020/04/30 16:46:50.944]		Loop manage{
[2020/04/30 16:46:50.944]			check cache{
[2020/04/30 16:46:50.944]			}
[2020/04/30 16:46:50.944]		}
[2020/04/30 16:46:50.944]		Loop manage{
[2020/04/30 16:46:50.944]			check cache{
[2020/04/30 16:46:50.944]			}
[2020/04/30 16:46:50.944]		}
[2020/04/30 16:46:50.945]		Loop manage{
[2020/04/30 16:46:50.945]			check cache{
[2020/04/30 16:46:50.945]			}
[2020/04/30 16:46:50.945]		}
[2020/04/30 16:46:50.945]		Loop manage{
[2020/04/30 16:46:50.945]			check cache{
[2020/04/30 16:46:50.945]			}
[2020/04/30 16:46:50.945]		}
[2020/04/30 16:46:50.946]		Loop manage{
[2020/04/30 16:46:50.946]			check cache{
[2020/04/30 16:46:50.946]			}
[2020/04/30 16:46:50.946]		}
[2020/04/30 16:46:50.946]		Loop manage{
[2020/04/30 16:46:50.946]			check cache{
[2020/04/30 16:46:50.946]			}
[2020/04/30 16:46:50.946]		}
[2020/04/30 16:46:50.946]		Loop manage{
[2020/04/30 16:46:50.946]			check cache{
[2020/04/30 16:46:50.946]			}
[2020/04/30 16:46:50.946]		}
[2020/04/30 16:46:50.947]		Loop manage{
[2020/04/30 16:46:50.947]			check cache{
[2020/04/30 16:46:50.947]			}
[2020/04/30 16:46:50.947]		}
[2020/04/30 16:46:50.947]		Loop manage{
[2020/04/30 16:46:50.947]			Waiting untill awoken{
[2020/04/30 16:46:51.530] Awoken
[2020/04/30 16:46:51.530]			}
[2020/04/30 16:46:51.530]		}
[2020/04/30 16:46:51.530]		Loop manage{
[2020/04/30 16:46:51.530]			check cache{
[2020/04/30 16:46:51.530]			}
[2020/04/30 16:46:51.530]		}
[2020/04/30 16:46:51.531]		Loop manage{
[2020/04/30 16:46:51.531]			check cache{
[2020/04/30 16:46:51.531]			}
[2020/04/30 16:46:51.531]		}
[2020/04/30 16:46:51.531]		Loop manage{
[2020/04/30 16:46:51.531]			check cache{
[2020/04/30 16:46:51.531]			}
[2020/04/30 16:46:51.531]		}
[2020/04/30 16:46:51.532]		Loop manage{
[2020/04/30 16:46:51.532]			check cache{
[2020/04/30 16:46:51.532]			}
[2020/04/30 16:46:51.532]		}
[2020/04/30 16:46:51.532]		Loop manage{
[2020/04/30 16:46:51.532]			check cache{
[2020/04/30 16:46:51.532]			}
[2020/04/30 16:46:51.532]		}
[2020/04/30 16:46:51.532]		Loop manage{
[2020/04/30 16:46:51.532]			check cache{
[2020/04/30 16:46:51.532]			}
[2020/04/30 16:46:51.532]		}
[2020/04/30 16:46:51.533]		Loop manage{
[2020/04/30 16:46:51.533]			check cache{
[2020/04/30 16:46:51.533]			}
[2020/04/30 16:46:51.533]		}
[2020/04/30 16:46:51.534]		Loop manage{
[2020/04/30 16:46:51.534]			check cache{
[2020/04/30 16:46:51.534]			}
[2020/04/30 16:46:51.534]		}
[2020/04/30 16:46:51.534]		Loop manage{
[2020/04/30 16:46:51.534]			check cache{
[2020/04/30 16:46:51.534]			}
[2020/04/30 16:46:51.534]		}
[2020/04/30 16:46:51.534]		Loop manage{
[2020/04/30 16:46:51.534]			check cache{
[2020/04/30 16:46:51.534]			}
[2020/04/30 16:46:51.534]		}
[2020/04/30 16:46:51.535]		Loop manage{
[2020/04/30 16:46:51.535]			Waiting untill awoken{
[2020/04/30 16:46:54.521] Awoken
[2020/04/30 16:46:54.521]			}
[2020/04/30 16:46:54.521]		}
[2020/04/30 16:46:54.521]		Loop manage{
[2020/04/30 16:46:54.521]			check cache{
[2020/04/30 16:46:54.521]			}
[2020/04/30 16:46:54.521]		}
[2020/04/30 16:46:54.522]		Loop manage{
[2020/04/30 16:46:54.522]			check cache{
[2020/04/30 16:46:54.522]			}
[2020/04/30 16:46:54.522]		}
[2020/04/30 16:46:54.523]		Loop manage{
[2020/04/30 16:46:54.523]			check cache{
[2020/04/30 16:46:54.523]			}
[2020/04/30 16:46:54.523]		}
[2020/04/30 16:46:54.523]		Loop manage{
[2020/04/30 16:46:54.523]			check cache{
[2020/04/30 16:46:54.523]			}
[2020/04/30 16:46:54.523]		}
[2020/04/30 16:46:54.524]		Loop manage{
[2020/04/30 16:46:54.524]			check cache{
[2020/04/30 16:46:54.524]			}
[2020/04/30 16:46:54.524]		}
[2020/04/30 16:46:54.525]		Loop manage{
[2020/04/30 16:46:54.525]			check cache{
[2020/04/30 16:46:54.525]			}
[2020/04/30 16:46:54.525]		}
[2020/04/30 16:46:54.525]		Loop manage{
[2020/04/30 16:46:54.525]			check cache{
[2020/04/30 16:46:54.525]			}
[2020/04/30 16:46:54.525]		}
[2020/04/30 16:46:54.526]		Loop manage{
[2020/04/30 16:46:54.526]			check cache{
[2020/04/30 16:46:54.526]			}
[2020/04/30 16:46:54.526]		}
[2020/04/30 16:46:54.526]		Loop manage{
[2020/04/30 16:46:54.526]			check cache{
[2020/04/30 16:46:54.526]			}
[2020/04/30 16:46:54.526]		}
[2020/04/30 16:46:54.527]		Loop manage{
[2020/04/30 16:46:54.527]			check cache{
[2020/04/30 16:46:54.527]			}
[2020/04/30 16:46:54.527]		}
[2020/04/30 16:46:54.528]		Loop manage{
[2020/04/30 16:46:54.528]			Waiting untill awoken{
[2020/04/30 16:46:55.892] Awoken
[2020/04/30 16:46:55.892]			}
[2020/04/30 16:46:55.892]		}
[2020/04/30 16:46:55.893]		Loop manage{
[2020/04/30 16:46:55.893]			check cache{
[2020/04/30 16:46:55.893]			}
[2020/04/30 16:46:55.893]		}
[2020/04/30 16:46:55.893]		Loop manage{
[2020/04/30 16:46:55.893]			check cache{
[2020/04/30 16:46:55.893]			}
[2020/04/30 16:46:55.893]		}
[2020/04/30 16:46:55.894]		Loop manage{
[2020/04/30 16:46:55.894]			check cache{
[2020/04/30 16:46:55.894]			}
[2020/04/30 16:46:55.894]		}
[2020/04/30 16:46:55.894]		Loop manage{
[2020/04/30 16:46:55.894]			check cache{
[2020/04/30 16:46:55.894]			}
[2020/04/30 16:46:55.894]		}
[2020/04/30 16:46:55.895]		Loop manage{
[2020/04/30 16:46:55.895]			check cache{
[2020/04/30 16:46:55.895]			}
[2020/04/30 16:46:55.895]		}
[2020/04/30 16:46:55.895]		Loop manage{
[2020/04/30 16:46:55.895]			check cache{
[2020/04/30 16:46:55.895]			}
[2020/04/30 16:46:55.895]		}
[2020/04/30 16:46:55.896]		Loop manage{
[2020/04/30 16:46:55.896]			check cache{
[2020/04/30 16:46:55.896]			}
[2020/04/30 16:46:55.896]		}
[2020/04/30 16:46:55.896]		Loop manage{
[2020/04/30 16:46:55.896]			check cache{
[2020/04/30 16:46:55.896]			}
[2020/04/30 16:46:55.896]		}
[2020/04/30 16:46:55.897]		Loop manage{
[2020/04/30 16:46:55.897]			check cache{
[2020/04/30 16:46:55.897]			}
[2020/04/30 16:46:55.897]		}
[2020/04/30 16:46:55.897]		Loop manage{
[2020/04/30 16:46:55.897]			check cache{
[2020/04/30 16:46:55.897]			}
[2020/04/30 16:46:55.897]		}
[2020/04/30 16:46:55.898]		Loop manage{
[2020/04/30 16:46:55.898]			Waiting untill awoken{
[2020/04/30 16:46:56.976] Awoken
[2020/04/30 16:46:56.976]			}
[2020/04/30 16:46:56.976]		}
[2020/04/30 16:46:56.977]		Loop manage{
[2020/04/30 16:46:56.977]			check cache{
[2020/04/30 16:46:56.977]			}
[2020/04/30 16:46:56.977]		}
[2020/04/30 16:46:56.978]		Loop manage{
[2020/04/30 16:46:56.978]			check cache{
[2020/04/30 16:46:56.978]			}
[2020/04/30 16:46:56.978]		}
[2020/04/30 16:46:56.978]		Loop manage{
[2020/04/30 16:46:56.978]			check cache{
[2020/04/30 16:46:56.978]			}
[2020/04/30 16:46:56.978]		}
[2020/04/30 16:46:56.979]		Loop manage{
[2020/04/30 16:46:56.979]			check cache{
[2020/04/30 16:46:56.979]			}
[2020/04/30 16:46:56.979]		}
[2020/04/30 16:46:56.980]		Loop manage{
[2020/04/30 16:46:56.980]			check cache{
[2020/04/30 16:46:56.980]			}
[2020/04/30 16:46:56.980]		}
[2020/04/30 16:46:56.981]		Loop manage{
[2020/04/30 16:46:56.981]			check cache{
[2020/04/30 16:46:56.981]			}
[2020/04/30 16:46:56.981]		}
[2020/04/30 16:46:56.981]		Loop manage{
[2020/04/30 16:46:56.981]			check cache{
[2020/04/30 16:46:56.981]			}
[2020/04/30 16:46:56.981]		}
[2020/04/30 16:46:56.982]		Loop manage{
[2020/04/30 16:46:56.982]			check cache{
[2020/04/30 16:46:56.982]			}
[2020/04/30 16:46:56.982]		}
[2020/04/30 16:46:56.983]		Loop manage{
[2020/04/30 16:46:56.983]			check cache{
[2020/04/30 16:46:56.983]			}
[2020/04/30 16:46:56.983]		}
[2020/04/30 16:46:56.984]		Loop manage{
[2020/04/30 16:46:56.984]			check cache{
[2020/04/30 16:46:56.984]			}
[2020/04/30 16:46:56.984]		}
[2020/04/30 16:46:56.985]		Loop manage{
[2020/04/30 16:46:56.985]			Waiting untill awoken{
[2020/04/30 16:46:58.691] Awoken
[2020/04/30 16:46:58.691]			}
[2020/04/30 16:46:58.691]		}
[2020/04/30 16:46:58.692]		Loop manage{
[2020/04/30 16:46:58.692]			check cache{
[2020/04/30 16:46:58.692]			}
[2020/04/30 16:46:58.692]		}
[2020/04/30 16:46:58.692]		Loop manage{
[2020/04/30 16:46:58.692]			check cache{
[2020/04/30 16:46:58.692]			}
[2020/04/30 16:46:58.692]		}
[2020/04/30 16:46:58.693]		Loop manage{
[2020/04/30 16:46:58.693]			check cache{
[2020/04/30 16:46:58.693]			}
[2020/04/30 16:46:58.693]		}
[2020/04/30 16:46:58.693]		Loop manage{
[2020/04/30 16:46:58.693]			check cache{
[2020/04/30 16:46:58.693]			}
[2020/04/30 16:46:58.693]		}
[2020/04/30 16:46:58.694]		Loop manage{
[2020/04/30 16:46:58.694]			check cache{
[2020/04/30 16:46:58.694]			}
[2020/04/30 16:46:58.694]		}
[2020/04/30 16:46:58.694]		Loop manage{
[2020/04/30 16:46:58.694]			check cache{
[2020/04/30 16:46:58.694]			}
[2020/04/30 16:46:58.694]		}
[2020/04/30 16:46:58.695]		Loop manage{
[2020/04/30 16:46:58.695]			check cache{
[2020/04/30 16:46:58.695]			}
[2020/04/30 16:46:58.695]		}
[2020/04/30 16:46:58.696]		Loop manage{
[2020/04/30 16:46:58.696]			check cache{
[2020/04/30 16:46:58.696]			}
[2020/04/30 16:46:58.696]		}
[2020/04/30 16:46:58.696]		Loop manage{
[2020/04/30 16:46:58.696]			check cache{
[2020/04/30 16:46:58.696]			}
[2020/04/30 16:46:58.696]		}
[2020/04/30 16:46:58.697]		Loop manage{
[2020/04/30 16:46:58.697]			check cache{
[2020/04/30 16:46:58.697]			}
[2020/04/30 16:46:58.697]		}
[2020/04/30 16:46:58.697]		Loop manage{
[2020/04/30 16:46:58.697]			Waiting untill awoken{
[2020/04/30 16:46:59.290] Awoken
[2020/04/30 16:46:59.290]			}
[2020/04/30 16:46:59.290]		}
[2020/04/30 16:46:59.291]		Loop manage{
[2020/04/30 16:46:59.291]			check cache{
[2020/04/30 16:46:59.291]			}
[2020/04/30 16:46:59.291]		}
[2020/04/30 16:46:59.291]		Loop manage{
[2020/04/30 16:46:59.291]			check cache{
[2020/04/30 16:46:59.291]			}
[2020/04/30 16:46:59.291]		}
[2020/04/30 16:46:59.292]		Loop manage{
[2020/04/30 16:46:59.292]			check cache{
[2020/04/30 16:46:59.292]			}
[2020/04/30 16:46:59.292]		}
[2020/04/30 16:46:59.292]		Loop manage{
[2020/04/30 16:46:59.292]			check cache{
[2020/04/30 16:46:59.292]			}
[2020/04/30 16:46:59.292]		}
[2020/04/30 16:46:59.293]		Loop manage{
[2020/04/30 16:46:59.293]			check cache{
[2020/04/30 16:46:59.293]			}
[2020/04/30 16:46:59.293]		}
[2020/04/30 16:46:59.293]		Loop manage{
[2020/04/30 16:46:59.293]			check cache{
[2020/04/30 16:46:59.293]			}
[2020/04/30 16:46:59.293]		}
[2020/04/30 16:46:59.294]		Loop manage{
[2020/04/30 16:46:59.294]			check cache{
[2020/04/30 16:46:59.294]			}
[2020/04/30 16:46:59.294]		}
[2020/04/30 16:46:59.294]		Loop manage{
[2020/04/30 16:46:59.294]			check cache{
[2020/04/30 16:46:59.294]			}
[2020/04/30 16:46:59.294]		}
[2020/04/30 16:46:59.295]		Loop manage{
[2020/04/30 16:46:59.295]			check cache{
[2020/04/30 16:46:59.295]			}
[2020/04/30 16:46:59.295]		}
[2020/04/30 16:46:59.295]		Loop manage{
[2020/04/30 16:46:59.295]			check cache{
[2020/04/30 16:46:59.295]			}
[2020/04/30 16:46:59.295]		}
[2020/04/30 16:46:59.296]		Loop manage{
[2020/04/30 16:46:59.296]			Waiting untill awoken{
[2020/04/30 16:46:59.980] Awoken
[2020/04/30 16:46:59.980]			}
[2020/04/30 16:46:59.980]		}
[2020/04/30 16:46:59.981]		Loop manage{
[2020/04/30 16:46:59.981]			check cache{
[2020/04/30 16:46:59.981]			}
[2020/04/30 16:46:59.981]		}
[2020/04/30 16:46:59.981]		Loop manage{
[2020/04/30 16:46:59.981]			check cache{
[2020/04/30 16:46:59.981]			}
[2020/04/30 16:46:59.981]		}
[2020/04/30 16:46:59.982]		Loop manage{
[2020/04/30 16:46:59.982]			check cache{
[2020/04/30 16:46:59.982]			}
[2020/04/30 16:46:59.982]		}
[2020/04/30 16:46:59.983]		Loop manage{
[2020/04/30 16:46:59.983]			check cache{
[2020/04/30 16:46:59.983]			}
[2020/04/30 16:46:59.983]		}
[2020/04/30 16:46:59.984]		Loop manage{
[2020/04/30 16:46:59.984]			check cache{
[2020/04/30 16:46:59.984]			}
[2020/04/30 16:46:59.984]		}
[2020/04/30 16:46:59.985]		Loop manage{
[2020/04/30 16:46:59.985]			check cache{
[2020/04/30 16:46:59.985]			}
[2020/04/30 16:46:59.985]		}
[2020/04/30 16:46:59.985]		Loop manage{
[2020/04/30 16:46:59.985]			check cache{
[2020/04/30 16:46:59.985]			}
[2020/04/30 16:46:59.985]		}
[2020/04/30 16:46:59.986]		Loop manage{
[2020/04/30 16:46:59.986]			check cache{
[2020/04/30 16:46:59.986]			}
[2020/04/30 16:46:59.986]		}
[2020/04/30 16:46:59.987]		Loop manage{
[2020/04/30 16:46:59.987]			check cache{
[2020/04/30 16:46:59.987]			}
[2020/04/30 16:46:59.987]		}
[2020/04/30 16:46:59.988]		Loop manage{
[2020/04/30 16:46:59.988]			check cache{
[2020/04/30 16:46:59.988]			}
[2020/04/30 16:46:59.988]		}
[2020/04/30 16:46:59.989]		Loop manage{
[2020/04/30 16:46:59.989]			Waiting untill awoken{
[2020/04/30 16:47:00.030] Awoken
[2020/04/30 16:47:00.030]			}
[2020/04/30 16:47:00.030]		}
[2020/04/30 16:47:00.031]		Loop manage{
[2020/04/30 16:47:00.031]			check cache{
[2020/04/30 16:47:00.031]			}
[2020/04/30 16:47:00.031]		}
[2020/04/30 16:47:00.031]		Loop manage{
[2020/04/30 16:47:00.031]			check cache{
[2020/04/30 16:47:00.031]			}
[2020/04/30 16:47:00.031]		}
[2020/04/30 16:47:00.032]		Loop manage{
[2020/04/30 16:47:00.032]			check cache{
[2020/04/30 16:47:00.032]			}
[2020/04/30 16:47:00.032]		}
[2020/04/30 16:47:00.033]		Loop manage{
[2020/04/30 16:47:00.033]			check cache{
[2020/04/30 16:47:00.033]			}
[2020/04/30 16:47:00.033]		}
[2020/04/30 16:47:00.033]		Loop manage{
[2020/04/30 16:47:00.033]			check cache{
[2020/04/30 16:47:00.033]			}
[2020/04/30 16:47:00.033]		}
[2020/04/30 16:47:00.034]		Loop manage{
[2020/04/30 16:47:00.034]			check cache{
[2020/04/30 16:47:00.034]			}
[2020/04/30 16:47:00.034]		}
[2020/04/30 16:47:00.035]		Loop manage{
[2020/04/30 16:47:00.035]			check cache{
[2020/04/30 16:47:00.035]			}
[2020/04/30 16:47:00.035]		}
[2020/04/30 16:47:00.035]		Loop manage{
[2020/04/30 16:47:00.036]			check cache{
[2020/04/30 16:47:00.036]			}
[2020/04/30 16:47:00.036]		}
[2020/04/30 16:47:00.036]		Loop manage{
[2020/04/30 16:47:00.036]			check cache{
[2020/04/30 16:47:00.036]			}
[2020/04/30 16:47:00.036]		}
[2020/04/30 16:47:00.037]		Loop manage{
[2020/04/30 16:47:00.037]			check cache{
[2020/04/30 16:47:00.037]			}
[2020/04/30 16:47:00.037]		}
[2020/04/30 16:47:00.037]		Loop manage{
[2020/04/30 16:47:00.037]			Waiting untill awoken{
[2020/04/30 16:47:01.355] Awoken
[2020/04/30 16:47:01.355]			}
[2020/04/30 16:47:01.355]		}
[2020/04/30 16:47:01.355]		Loop manage{
[2020/04/30 16:47:01.356]			check cache{
[2020/04/30 16:47:01.356]			}
[2020/04/30 16:47:01.356]		}
[2020/04/30 16:47:01.356]		Loop manage{
[2020/04/30 16:47:01.356]			check cache{
[2020/04/30 16:47:01.356]			}
[2020/04/30 16:47:01.356]		}
[2020/04/30 16:47:01.357]		Loop manage{
[2020/04/30 16:47:01.357]			check cache{
[2020/04/30 16:47:01.357]			}
[2020/04/30 16:47:01.357]		}
[2020/04/30 16:47:01.357]		Loop manage{
[2020/04/30 16:47:01.357]			check cache{
[2020/04/30 16:47:01.357]			}
[2020/04/30 16:47:01.357]		}
[2020/04/30 16:47:01.358]		Loop manage{
[2020/04/30 16:47:01.358]			check cache{
[2020/04/30 16:47:01.358]			}
[2020/04/30 16:47:01.358]		}
[2020/04/30 16:47:01.358]		Loop manage{
[2020/04/30 16:47:01.358]			check cache{
[2020/04/30 16:47:01.358]			}
[2020/04/30 16:47:01.358]		}
[2020/04/30 16:47:01.359]		Loop manage{
[2020/04/30 16:47:01.359]			check cache{
[2020/04/30 16:47:01.359]			}
[2020/04/30 16:47:01.359]		}
[2020/04/30 16:47:01.359]		Loop manage{
[2020/04/30 16:47:01.359]			check cache{
[2020/04/30 16:47:01.359]			}
[2020/04/30 16:47:01.359]		}
[2020/04/30 16:47:01.360]		Loop manage{
[2020/04/30 16:47:01.360]			check cache{
[2020/04/30 16:47:01.360]			}
[2020/04/30 16:47:01.360]		}
[2020/04/30 16:47:01.360]		Loop manage{
[2020/04/30 16:47:01.360]			check cache{
[2020/04/30 16:47:01.360]			}
[2020/04/30 16:47:01.360]		}
[2020/04/30 16:47:01.361]		Loop manage{
[2020/04/30 16:47:01.361]			Waiting untill awoken{
[2020/04/30 16:47:03.751] Awoken
[2020/04/30 16:47:03.751]			}
[2020/04/30 16:47:03.751]		}
[2020/04/30 16:47:03.752]		Loop manage{
[2020/04/30 16:47:03.752]			removing extra cached items{
[2020/04/30 16:47:03.753]			}
[2020/04/30 16:47:03.753]			check cache{
[2020/04/30 16:47:03.753]			}
[2020/04/30 16:47:03.753]		}
[2020/04/30 16:47:03.754]		Loop manage{
[2020/04/30 16:47:03.754]			check cache{
[2020/04/30 16:47:03.754]			}
[2020/04/30 16:47:03.754]		}
[2020/04/30 16:47:03.755]		Loop manage{
[2020/04/30 16:47:03.755]			check cache{
[2020/04/30 16:47:03.755]			}
[2020/04/30 16:47:03.755]		}
[2020/04/30 16:47:03.756]		Loop manage{
[2020/04/30 16:47:03.756]			check cache{
[2020/04/30 16:47:03.756]			}
[2020/04/30 16:47:03.756]		}
[2020/04/30 16:47:03.757]		Loop manage{
[2020/04/30 16:47:03.757]			check cache{
[2020/04/30 16:47:03.757]			}
[2020/04/30 16:47:03.757]		}
[2020/04/30 16:47:03.757]		Loop manage{
[2020/04/30 16:47:03.757]			check cache{
[2020/04/30 16:47:03.758]			}
[2020/04/30 16:47:03.758]		}
[2020/04/30 16:47:03.759]		Loop manage{
[2020/04/30 16:47:03.759]			check cache{
[2020/04/30 16:47:03.759]			}
[2020/04/30 16:47:03.759]		}
[2020/04/30 16:47:03.759]		Loop manage{
[2020/04/30 16:47:03.759]			check cache{
[2020/04/30 16:47:03.759]			}
[2020/04/30 16:47:03.759]		}
[2020/04/30 16:47:03.760]		Loop manage{
[2020/04/30 16:47:03.760]			check cache{
[2020/04/30 16:47:03.760]			}
[2020/04/30 16:47:03.760]		}
[2020/04/30 16:47:03.761]		Loop manage{
[2020/04/30 16:47:03.761]			check cache{
[2020/04/30 16:47:03.761]			}
[2020/04/30 16:47:03.761]		}
[2020/04/30 16:47:03.761]		Loop manage{
[2020/04/30 16:47:03.761]			Waiting untill awoken{
[2020/04/30 16:47:06.427] Awoken
[2020/04/30 16:47:06.427]			}
[2020/04/30 16:47:06.427]		}
[2020/04/30 16:47:06.427]		Loop manage{
[2020/04/30 16:47:06.427]			check cache{
[2020/04/30 16:47:06.427]			}
[2020/04/30 16:47:06.427]		}
[2020/04/30 16:47:06.428]		Loop manage{
[2020/04/30 16:47:06.428]			check cache{
[2020/04/30 16:47:06.428]			}
[2020/04/30 16:47:06.428]		}
[2020/04/30 16:47:06.429]		Loop manage{
[2020/04/30 16:47:06.429]			check cache{
[2020/04/30 16:47:06.429]			}
[2020/04/30 16:47:06.429]		}
[2020/04/30 16:47:06.429]		Loop manage{
[2020/04/30 16:47:06.429]			check cache{
[2020/04/30 16:47:06.429]			}
[2020/04/30 16:47:06.429]		}
[2020/04/30 16:47:06.430]		Loop manage{
[2020/04/30 16:47:06.430]			check cache{
[2020/04/30 16:47:06.430]			}
[2020/04/30 16:47:06.430]		}
[2020/04/30 16:47:06.431]		Loop manage{
[2020/04/30 16:47:06.431]			check cache{
[2020/04/30 16:47:06.431]			}
[2020/04/30 16:47:06.431]		}
[2020/04/30 16:47:06.431]		Loop manage{
[2020/04/30 16:47:06.431]			check cache{
[2020/04/30 16:47:06.431]			}
[2020/04/30 16:47:06.431]		}
[2020/04/30 16:47:06.432]		Loop manage{
[2020/04/30 16:47:06.432]			check cache{
[2020/04/30 16:47:06.432]			}
[2020/04/30 16:47:06.432]		}
[2020/04/30 16:47:06.433]		Loop manage{
[2020/04/30 16:47:06.433]			check cache{
[2020/04/30 16:47:06.433]			}
[2020/04/30 16:47:06.433]		}
[2020/04/30 16:47:06.433]		Loop manage{
[2020/04/30 16:47:06.433]			check cache{
[2020/04/30 16:47:06.433]			}
[2020/04/30 16:47:06.433]		}
[2020/04/30 16:47:06.434]		Loop manage{
[2020/04/30 16:47:06.434]			Waiting untill awoken{
[2020/04/30 16:47:09.135] Awoken
[2020/04/30 16:47:09.135]			}
[2020/04/30 16:47:09.135]		}
[2020/04/30 16:47:09.135]		Loop manage{
[2020/04/30 16:47:09.135]			check cache{
[2020/04/30 16:47:09.135]			}
[2020/04/30 16:47:09.135]		}
[2020/04/30 16:47:09.136]		Loop manage{
[2020/04/30 16:47:09.136]			check cache{
[2020/04/30 16:47:09.136]			}
[2020/04/30 16:47:09.136]		}
[2020/04/30 16:47:09.137]		Loop manage{
[2020/04/30 16:47:09.137]			check cache{
[2020/04/30 16:47:09.137]			}
[2020/04/30 16:47:09.137]		}
[2020/04/30 16:47:09.137]		Loop manage{
[2020/04/30 16:47:09.137]			check cache{
[2020/04/30 16:47:09.137]			}
[2020/04/30 16:47:09.137]		}
[2020/04/30 16:47:09.138]		Loop manage{
[2020/04/30 16:47:09.138]			check cache{
[2020/04/30 16:47:09.138]			}
[2020/04/30 16:47:09.138]		}
[2020/04/30 16:47:09.139]		Loop manage{
[2020/04/30 16:47:09.139]			check cache{
[2020/04/30 16:47:09.139]			}
[2020/04/30 16:47:09.139]		}
[2020/04/30 16:47:09.140]		Loop manage{
[2020/04/30 16:47:09.140]			check cache{
[2020/04/30 16:47:09.140]			}
[2020/04/30 16:47:09.140]		}
[2020/04/30 16:47:09.140]		Loop manage{
[2020/04/30 16:47:09.140]			check cache{
[2020/04/30 16:47:09.140]			}
[2020/04/30 16:47:09.140]		}
[2020/04/30 16:47:09.141]		Loop manage{
[2020/04/30 16:47:09.141]			check cache{
[2020/04/30 16:47:09.141]			}
[2020/04/30 16:47:09.141]		}
[2020/04/30 16:47:09.141]		Loop manage{
[2020/04/30 16:47:09.141]			check cache{
[2020/04/30 16:47:09.141]			}
[2020/04/30 16:47:09.141]		}
[2020/04/30 16:47:09.142]		Loop manage{
[2020/04/30 16:47:09.142]			Waiting untill awoken{
[2020/04/30 16:47:11.197] Awoken
[2020/04/30 16:47:11.197]			}
[2020/04/30 16:47:11.197]		}
[2020/04/30 16:47:11.198]		Loop manage{
[2020/04/30 16:47:11.198]			check cache{
[2020/04/30 16:47:11.198]			}
[2020/04/30 16:47:11.198]		}
[2020/04/30 16:47:11.198]		Loop manage{
[2020/04/30 16:47:11.198]			check cache{
[2020/04/30 16:47:11.198]			}
[2020/04/30 16:47:11.198]		}
[2020/04/30 16:47:11.199]		Loop manage{
[2020/04/30 16:47:11.199]			check cache{
[2020/04/30 16:47:11.199]			}
[2020/04/30 16:47:11.199]		}
[2020/04/30 16:47:11.199]		Loop manage{
[2020/04/30 16:47:11.199]			check cache{
[2020/04/30 16:47:11.199]			}
[2020/04/30 16:47:11.199]		}
[2020/04/30 16:47:11.200]		Loop manage{
[2020/04/30 16:47:11.200]			check cache{
[2020/04/30 16:47:11.200]			}
[2020/04/30 16:47:11.200]		}
[2020/04/30 16:47:11.201]		Loop manage{
[2020/04/30 16:47:11.201]			check cache{
[2020/04/30 16:47:11.201]			}
[2020/04/30 16:47:11.201]		}
[2020/04/30 16:47:11.201]		Loop manage{
[2020/04/30 16:47:11.201]			check cache{
[2020/04/30 16:47:11.201]			}
[2020/04/30 16:47:11.201]		}
[2020/04/30 16:47:11.202]		Loop manage{
[2020/04/30 16:47:11.202]			check cache{
[2020/04/30 16:47:11.202]			}
[2020/04/30 16:47:11.202]		}
[2020/04/30 16:47:11.202]		Loop manage{
[2020/04/30 16:47:11.202]			check cache{
[2020/04/30 16:47:11.203]			}
[2020/04/30 16:47:11.203]		}
[2020/04/30 16:47:11.203]		Loop manage{
[2020/04/30 16:47:11.203]			check cache{
[2020/04/30 16:47:11.203]			}
[2020/04/30 16:47:11.203]		}
[2020/04/30 16:47:11.204]		Loop manage{
[2020/04/30 16:47:11.204]			Waiting untill awoken{
[2020/04/30 16:47:14.251] Awoken
[2020/04/30 16:47:14.251]			}
[2020/04/30 16:47:14.251]		}
[2020/04/30 16:47:14.252]		Loop manage{
[2020/04/30 16:47:14.252]			removing extra cached items{
[2020/04/30 16:47:14.252]			}
[2020/04/30 16:47:14.252]			check cache{
[2020/04/30 16:47:14.252]			}
[2020/04/30 16:47:14.252]		}
[2020/04/30 16:47:14.253]		Loop manage{
[2020/04/30 16:47:14.253]			check cache{
[2020/04/30 16:47:14.253]			}
[2020/04/30 16:47:14.253]		}
[2020/04/30 16:47:14.253]		Loop manage{
[2020/04/30 16:47:14.253]			check cache{
[2020/04/30 16:47:14.253]			}
[2020/04/30 16:47:14.253]		}
[2020/04/30 16:47:14.254]		Loop manage{
[2020/04/30 16:47:14.254]			check cache{
[2020/04/30 16:47:14.254]			}
[2020/04/30 16:47:14.254]		}
[2020/04/30 16:47:14.255]		Loop manage{
[2020/04/30 16:47:14.255]			check cache{
[2020/04/30 16:47:14.255]			}
[2020/04/30 16:47:14.255]		}
[2020/04/30 16:47:14.256]		Loop manage{
[2020/04/30 16:47:14.256]			check cache{
[2020/04/30 16:47:14.256]			}
[2020/04/30 16:47:14.256]		}
[2020/04/30 16:47:14.257]		Loop manage{
[2020/04/30 16:47:14.257]			check cache{
[2020/04/30 16:47:14.257]			}
[2020/04/30 16:47:14.257]		}
[2020/04/30 16:47:14.258]		Loop manage{
[2020/04/30 16:47:14.258]			check cache{
[2020/04/30 16:47:14.258]			}
[2020/04/30 16:47:14.258]		}
[2020/04/30 16:47:14.259]		Loop manage{
[2020/04/30 16:47:14.259]			check cache{
[2020/04/30 16:47:14.259]			}
[2020/04/30 16:47:14.259]		}
[2020/04/30 16:47:14.260]		Loop manage{
[2020/04/30 16:47:14.260]			check cache{
[2020/04/30 16:47:14.260]			}
[2020/04/30 16:47:14.260]		}
[2020/04/30 16:47:14.261]		Loop manage{
[2020/04/30 16:47:14.261]			Waiting untill awoken{
[2020/04/30 16:47:17.368] Awoken
[2020/04/30 16:47:17.368]			}
[2020/04/30 16:47:17.368]		}
[2020/04/30 16:47:17.368]		Loop manage{
[2020/04/30 16:47:17.368]			removing extra cached items{
[2020/04/30 16:47:17.368]			}
[2020/04/30 16:47:17.368]			check cache{
[2020/04/30 16:47:17.368]			}
[2020/04/30 16:47:17.368]		}
[2020/04/30 16:47:17.369]		Loop manage{
[2020/04/30 16:47:17.369]			check cache{
[2020/04/30 16:47:17.369]			}
[2020/04/30 16:47:17.369]		}
[2020/04/30 16:47:17.369]		Loop manage{
[2020/04/30 16:47:17.369]			check cache{
[2020/04/30 16:47:17.370]			}
[2020/04/30 16:47:17.370]		}
[2020/04/30 16:47:17.370]		Loop manage{
[2020/04/30 16:47:17.370]			check cache{
[2020/04/30 16:47:17.370]			}
[2020/04/30 16:47:17.370]		}
[2020/04/30 16:47:17.371]		Loop manage{
[2020/04/30 16:47:17.371]			check cache{
[2020/04/30 16:47:17.371]			}
[2020/04/30 16:47:17.371]		}
[2020/04/30 16:47:17.372]		Loop manage{
[2020/04/30 16:47:17.372]			check cache{
[2020/04/30 16:47:17.372]			}
[2020/04/30 16:47:17.372]		}
[2020/04/30 16:47:17.372]		Loop manage{
[2020/04/30 16:47:17.373]			check cache{
[2020/04/30 16:47:17.373]			}
[2020/04/30 16:47:17.373]		}
[2020/04/30 16:47:17.373]		Loop manage{
[2020/04/30 16:47:17.373]			check cache{
[2020/04/30 16:47:17.373]			}
[2020/04/30 16:47:17.373]		}
[2020/04/30 16:47:17.374]		Loop manage{
[2020/04/30 16:47:17.374]			check cache{
[2020/04/30 16:47:17.374]			}
[2020/04/30 16:47:17.374]		}
[2020/04/30 16:47:17.375]		Loop manage{
[2020/04/30 16:47:17.375]			check cache{
[2020/04/30 16:47:17.375]			}
[2020/04/30 16:47:17.375]		}
[2020/04/30 16:47:17.376]		Loop manage{
[2020/04/30 16:47:17.376]			Waiting untill awoken{
[2020/04/30 16:47:20.572] Awoken
[2020/04/30 16:47:20.572]			}
[2020/04/30 16:47:20.572]		}
[2020/04/30 16:47:20.573]		Loop manage{
[2020/04/30 16:47:20.573]			removing extra cached items{
[2020/04/30 16:47:20.573]			}
[2020/04/30 16:47:20.573]			Emercency Cache clear{
[2020/04/30 16:47:20.573]			}
[2020/04/30 16:47:20.573]			check cache{
[2020/04/30 16:47:20.573]			}
[2020/04/30 16:47:20.573]		}
[2020/04/30 16:47:20.574]		Loop manage{
[2020/04/30 16:47:20.574]			check cache{
[2020/04/30 16:47:20.574]			}
[2020/04/30 16:47:20.574]		}
[2020/04/30 16:47:20.575]		Loop manage{
[2020/04/30 16:47:20.575]			check cache{
[2020/04/30 16:47:20.575]			}
[2020/04/30 16:47:20.575]		}
[2020/04/30 16:47:20.575]		Loop manage{
[2020/04/30 16:47:20.575]			check cache{
[2020/04/30 16:47:20.575]			}
[2020/04/30 16:47:20.575]		}
[2020/04/30 16:47:20.576]		Loop manage{
[2020/04/30 16:47:20.576]			check cache{
[2020/04/30 16:47:20.576]			}
[2020/04/30 16:47:20.576]		}
[2020/04/30 16:47:20.577]		Loop manage{
[2020/04/30 16:47:20.577]			check cache{
[2020/04/30 16:47:20.577]				caching image from slow{
[2020/04/30 16:47:21.394]				}
[2020/04/30 16:47:21.394]			}
[2020/04/30 16:47:21.394]		}
[2020/04/30 16:47:21.397]		Loop manage{
[2020/04/30 16:47:21.397]			check cache{
[2020/04/30 16:47:21.397]			}
[2020/04/30 16:47:21.397]		}
[2020/04/30 16:47:21.398]		Loop manage{
[2020/04/30 16:47:21.398]			check cache{
[2020/04/30 16:47:21.398]				caching image from slow{
[2020/04/30 16:47:22.009]				}
[2020/04/30 16:47:22.009]			}
[2020/04/30 16:47:22.009]		}
[2020/04/30 16:47:22.010]		Loop manage{
[2020/04/30 16:47:22.010]			check cache{
[2020/04/30 16:47:22.010]			}
[2020/04/30 16:47:22.010]		}
[2020/04/30 16:47:22.010]		Loop manage{
[2020/04/30 16:47:22.010]			check cache{
[2020/04/30 16:47:22.010]				caching image from slow{
[2020/04/30 16:47:22.634]				}
[2020/04/30 16:47:22.634]			}
[2020/04/30 16:47:22.634]		}
[2020/04/30 16:47:22.635]		Loop manage{
[2020/04/30 16:47:22.635]			removing extra cached items{
[2020/04/30 16:47:22.635]			}
[2020/04/30 16:47:22.635]		}
[2020/04/30 16:47:22.638]		Loop manage{
[2020/04/30 16:47:22.638]			Waiting untill awoken{
[2020/04/30 16:47:23.236] Awoken
[2020/04/30 16:47:23.236]			}
[2020/04/30 16:47:23.236]		}
[2020/04/30 16:47:23.237]		Loop manage{
[2020/04/30 16:47:23.237]			check cache{
[2020/04/30 16:47:23.237]			}
[2020/04/30 16:47:23.237]		}
[2020/04/30 16:47:23.237]		Loop manage{
[2020/04/30 16:47:23.237]			check cache{
[2020/04/30 16:47:23.237]			}
[2020/04/30 16:47:23.237]		}
[2020/04/30 16:47:23.238]		Loop manage{
[2020/04/30 16:47:23.238]			check cache{
[2020/04/30 16:47:23.238]			}
[2020/04/30 16:47:23.238]		}
[2020/04/30 16:47:23.239]		Loop manage{
[2020/04/30 16:47:23.239]			check cache{
[2020/04/30 16:47:23.239]			}
[2020/04/30 16:47:23.239]		}
[2020/04/30 16:47:23.240]		Loop manage{
[2020/04/30 16:47:23.240]			check cache{
[2020/04/30 16:47:23.240]			}
[2020/04/30 16:47:23.240]		}
[2020/04/30 16:47:23.241]		Loop manage{
[2020/04/30 16:47:23.241]			check cache{
[2020/04/30 16:47:23.241]			}
[2020/04/30 16:47:23.241]		}
[2020/04/30 16:47:23.242]		Loop manage{
[2020/04/30 16:47:23.242]			check cache{
[2020/04/30 16:47:23.242]			}
[2020/04/30 16:47:23.242]		}
[2020/04/30 16:47:23.243]		Loop manage{
[2020/04/30 16:47:23.243]			check cache{
[2020/04/30 16:47:23.243]			}
[2020/04/30 16:47:23.243]		}
[2020/04/30 16:47:23.245]		Loop manage{
[2020/04/30 16:47:23.245]			check cache{
[2020/04/30 16:47:23.245]			}
[2020/04/30 16:47:23.245]		}
[2020/04/30 16:47:23.246]		Loop manage{
[2020/04/30 16:47:23.246]			check cache{
[2020/04/30 16:47:23.246]			}
[2020/04/30 16:47:23.246]		}
[2020/04/30 16:47:23.246]		Loop manage{
[2020/04/30 16:47:23.246]			Waiting untill awoken{
[2020/04/30 16:47:25.638] Awoken
[2020/04/30 16:47:25.639]			}
[2020/04/30 16:47:25.639]		}
[2020/04/30 16:47:25.640]		Loop manage{
[2020/04/30 16:47:25.640]			removing extra cached items{
[2020/04/30 16:47:25.640]			}
[2020/04/30 16:47:25.640]			Emercency Cache clear{
[2020/04/30 16:47:25.640]			}
[2020/04/30 16:47:25.640]			check cache{
[2020/04/30 16:47:25.640]			}
[2020/04/30 16:47:25.640]		}
[2020/04/30 16:47:25.640]		Loop manage{
[2020/04/30 16:47:25.640]			check cache{
[2020/04/30 16:47:25.640]			}
[2020/04/30 16:47:25.640]		}
[2020/04/30 16:47:25.641]		Loop manage{
[2020/04/30 16:47:25.641]			check cache{
[2020/04/30 16:47:25.641]			}
[2020/04/30 16:47:25.641]		}
[2020/04/30 16:47:25.642]		Loop manage{
[2020/04/30 16:47:25.642]			check cache{
[2020/04/30 16:47:25.642]			}
[2020/04/30 16:47:25.642]		}
[2020/04/30 16:47:25.643]		Loop manage{
[2020/04/30 16:47:25.643]			check cache{
[2020/04/30 16:47:25.643]			}
[2020/04/30 16:47:25.643]		}
[2020/04/30 16:47:25.644]		Loop manage{
[2020/04/30 16:47:25.644]			check cache{
[2020/04/30 16:47:25.644]				caching image from slow{
[2020/04/30 16:47:26.282]				}
[2020/04/30 16:47:26.282]			}
[2020/04/30 16:47:26.282]		}
[2020/04/30 16:47:26.283]		Loop manage{
[2020/04/30 16:47:26.283]			check cache{
[2020/04/30 16:47:26.283]			}
[2020/04/30 16:47:26.283]		}
[2020/04/30 16:47:26.284]		Loop manage{
[2020/04/30 16:47:26.284]			check cache{
[2020/04/30 16:47:26.284]				caching image from slow{
[2020/04/30 16:47:26.936]				}
[2020/04/30 16:47:26.936]			}
[2020/04/30 16:47:26.936]		}
[2020/04/30 16:47:26.937]		Loop manage{
[2020/04/30 16:47:26.937]			check cache{
[2020/04/30 16:47:26.937]			}
[2020/04/30 16:47:26.937]		}
[2020/04/30 16:47:26.938]		Loop manage{
[2020/04/30 16:47:26.938]			check cache{
[2020/04/30 16:47:26.938]				caching image from slow{
[2020/04/30 16:47:27.781]				}
[2020/04/30 16:47:27.781]			}
[2020/04/30 16:47:27.781]		}
[2020/04/30 16:47:27.782]		Loop manage{
[2020/04/30 16:47:27.782]			removing extra cached items{
[2020/04/30 16:47:27.782]			}
[2020/04/30 16:47:27.782]		}
[2020/04/30 16:47:27.783]		Loop manage{
[2020/04/30 16:47:27.783]			Waiting untill awoken{
[2020/04/30 16:47:28.387] Awoken
[2020/04/30 16:47:28.387]			}
[2020/04/30 16:47:28.387]		}
[2020/04/30 16:47:28.388]		Loop manage{
[2020/04/30 16:47:28.388]			check cache{
[2020/04/30 16:47:28.388]			}
[2020/04/30 16:47:28.388]		}
[2020/04/30 16:47:28.389]		Loop manage{
[2020/04/30 16:47:28.389]			check cache{
[2020/04/30 16:47:28.389]			}
[2020/04/30 16:47:28.389]		}
[2020/04/30 16:47:28.390]		Loop manage{
[2020/04/30 16:47:28.390]			check cache{
[2020/04/30 16:47:28.390]			}
[2020/04/30 16:47:28.390]		}
[2020/04/30 16:47:28.391]		Loop manage{
[2020/04/30 16:47:28.391]			check cache{
[2020/04/30 16:47:28.391]			}
[2020/04/30 16:47:28.391]		}
[2020/04/30 16:47:28.391]		Loop manage{
[2020/04/30 16:47:28.391]			check cache{
[2020/04/30 16:47:28.391]			}
[2020/04/30 16:47:28.391]		}
[2020/04/30 16:47:28.392]		Loop manage{
[2020/04/30 16:47:28.392]			check cache{
[2020/04/30 16:47:28.392]			}
[2020/04/30 16:47:28.392]		}
[2020/04/30 16:47:28.393]		Loop manage{
[2020/04/30 16:47:28.393]			check cache{
[2020/04/30 16:47:28.393]			}
[2020/04/30 16:47:28.393]		}
[2020/04/30 16:47:28.393]		Loop manage{
[2020/04/30 16:47:28.393]			check cache{
[2020/04/30 16:47:28.393]			}
[2020/04/30 16:47:28.393]		}
[2020/04/30 16:47:28.394]		Loop manage{
[2020/04/30 16:47:28.394]			check cache{
[2020/04/30 16:47:28.394]			}
[2020/04/30 16:47:28.394]		}
[2020/04/30 16:47:28.395]		Loop manage{
[2020/04/30 16:47:28.395]			check cache{
[2020/04/30 16:47:28.395]			}
[2020/04/30 16:47:28.395]		}
[2020/04/30 16:47:28.395]		Loop manage{
[2020/04/30 16:47:28.395]			Waiting untill awoken{
[2020/04/30 16:47:31.183] Awoken
[2020/04/30 16:47:31.183]			}
[2020/04/30 16:47:31.183]		}
[2020/04/30 16:47:31.184]		Loop manage{
[2020/04/30 16:47:31.184]			removing extra cached items{
[2020/04/30 16:47:31.184]			}
[2020/04/30 16:47:31.184]			Emercency Cache clear{
[2020/04/30 16:47:31.184]			}
[2020/04/30 16:47:31.184]			check cache{
[2020/04/30 16:47:31.184]			}
[2020/04/30 16:47:31.184]		}
[2020/04/30 16:47:31.184]		Loop manage{
[2020/04/30 16:47:31.184]			check cache{
[2020/04/30 16:47:31.184]			}
[2020/04/30 16:47:31.184]		}
[2020/04/30 16:47:31.185]		Loop manage{
[2020/04/30 16:47:31.185]			check cache{
[2020/04/30 16:47:31.185]			}
[2020/04/30 16:47:31.185]		}
[2020/04/30 16:47:31.186]		Loop manage{
[2020/04/30 16:47:31.186]			check cache{
[2020/04/30 16:47:31.186]			}
[2020/04/30 16:47:31.186]		}
[2020/04/30 16:47:31.186]		Loop manage{
[2020/04/30 16:47:31.186]			check cache{
[2020/04/30 16:47:31.186]			}
[2020/04/30 16:47:31.186]		}
[2020/04/30 16:47:31.187]		Loop manage{
[2020/04/30 16:47:31.187]			check cache{
[2020/04/30 16:47:31.187]				caching image from slow{
[2020/04/30 16:47:31.929]				}
[2020/04/30 16:47:31.929]			}
[2020/04/30 16:47:31.929]		}
[2020/04/30 16:47:31.930]		Loop manage{
[2020/04/30 16:47:31.930]			check cache{
[2020/04/30 16:47:31.930]			}
[2020/04/30 16:47:31.930]		}
[2020/04/30 16:47:31.931]		Loop manage{
[2020/04/30 16:47:31.931]			check cache{
[2020/04/30 16:47:31.931]				caching image from slow{
[2020/04/30 16:47:32.469]				}
[2020/04/30 16:47:32.469]			}
[2020/04/30 16:47:32.469]		}
[2020/04/30 16:47:32.470]		Loop manage{
[2020/04/30 16:47:32.470]			check cache{
[2020/04/30 16:47:32.470]			}
[2020/04/30 16:47:32.470]		}
[2020/04/30 16:47:32.470]		Loop manage{
[2020/04/30 16:47:32.470]			check cache{
[2020/04/30 16:47:32.470]				caching image from slow{
[2020/04/30 16:47:33.061]				}
[2020/04/30 16:47:33.061]			}
[2020/04/30 16:47:33.061]		}
[2020/04/30 16:47:33.062]		Loop manage{
[2020/04/30 16:47:33.062]			Waiting untill awoken{
[2020/04/30 16:47:35.200] Awoken
[2020/04/30 16:47:35.200]			}
[2020/04/30 16:47:35.200]		}
[2020/04/30 16:47:35.201]		Loop manage{
[2020/04/30 16:47:35.201]			removing extra cached items{
[2020/04/30 16:47:35.202]			}
[2020/04/30 16:47:35.202]			check cache{
[2020/04/30 16:47:35.202]			}
[2020/04/30 16:47:35.202]		}
[2020/04/30 16:47:35.202]		Loop manage{
[2020/04/30 16:47:35.202]			check cache{
[2020/04/30 16:47:35.202]			}
[2020/04/30 16:47:35.202]		}
[2020/04/30 16:47:35.203]		Loop manage{
[2020/04/30 16:47:35.203]			check cache{
[2020/04/30 16:47:35.203]			}
[2020/04/30 16:47:35.203]		}
[2020/04/30 16:47:35.203]		Loop manage{
[2020/04/30 16:47:35.203]			check cache{
[2020/04/30 16:47:35.203]			}
[2020/04/30 16:47:35.203]		}
[2020/04/30 16:47:35.204]		Loop manage{
[2020/04/30 16:47:35.204]			check cache{
[2020/04/30 16:47:35.204]			}
[2020/04/30 16:47:35.204]		}
[2020/04/30 16:47:35.205]		Loop manage{
[2020/04/30 16:47:35.205]			check cache{
[2020/04/30 16:47:35.205]			}
[2020/04/30 16:47:35.205]		}
[2020/04/30 16:47:35.206]		Loop manage{
[2020/04/30 16:47:35.206]			check cache{
[2020/04/30 16:47:35.206]			}
[2020/04/30 16:47:35.206]		}
[2020/04/30 16:47:35.206]		Loop manage{
[2020/04/30 16:47:35.206]			check cache{
[2020/04/30 16:47:35.206]			}
[2020/04/30 16:47:35.206]		}
[2020/04/30 16:47:35.207]		Loop manage{
[2020/04/30 16:47:35.207]			check cache{
[2020/04/30 16:47:35.207]			}
[2020/04/30 16:47:35.207]		}
[2020/04/30 16:47:35.208]		Loop manage{
[2020/04/30 16:47:35.208]			check cache{
[2020/04/30 16:47:35.208]			}
[2020/04/30 16:47:35.208]		}
[2020/04/30 16:47:35.208]		Loop manage{
[2020/04/30 16:47:35.208]			Waiting untill awoken{
[2020/04/30 16:47:36.556] Awoken
[2020/04/30 16:47:36.556]			}
[2020/04/30 16:47:36.556]		}
[2020/04/30 16:47:36.556]		Loop manage{
[2020/04/30 16:47:36.556]			check cache{
[2020/04/30 16:47:36.556]			}
[2020/04/30 16:47:36.556]		}
[2020/04/30 16:47:36.557]		Loop manage{
[2020/04/30 16:47:36.557]			check cache{
[2020/04/30 16:47:36.557]			}
[2020/04/30 16:47:36.557]		}
[2020/04/30 16:47:36.557]		Loop manage{
[2020/04/30 16:47:36.557]			check cache{
[2020/04/30 16:47:36.557]			}
[2020/04/30 16:47:36.557]		}
[2020/04/30 16:47:36.558]		Loop manage{
[2020/04/30 16:47:36.558]			check cache{
[2020/04/30 16:47:36.558]			}
[2020/04/30 16:47:36.558]		}
[2020/04/30 16:47:36.559]		Loop manage{
[2020/04/30 16:47:36.559]			check cache{
[2020/04/30 16:47:36.559]			}
[2020/04/30 16:47:36.559]		}
[2020/04/30 16:47:36.559]		Loop manage{
[2020/04/30 16:47:36.559]			check cache{
[2020/04/30 16:47:36.559]			}
[2020/04/30 16:47:36.559]		}
[2020/04/30 16:47:36.560]		Loop manage{
[2020/04/30 16:47:36.560]			check cache{
[2020/04/30 16:47:36.560]			}
[2020/04/30 16:47:36.560]		}
[2020/04/30 16:47:36.561]		Loop manage{
[2020/04/30 16:47:36.561]			check cache{
[2020/04/30 16:47:36.561]			}
[2020/04/30 16:47:36.561]		}
[2020/04/30 16:47:36.561]		Loop manage{
[2020/04/30 16:47:36.561]			check cache{
[2020/04/30 16:47:36.561]			}
[2020/04/30 16:47:36.561]		}
[2020/04/30 16:47:36.562]		Loop manage{
[2020/04/30 16:47:36.562]			check cache{
[2020/04/30 16:47:36.562]			}
[2020/04/30 16:47:36.562]		}
[2020/04/30 16:47:36.562]		Loop manage{
[2020/04/30 16:47:36.562]			Waiting untill awoken{
[2020/04/30 16:47:38.336] Awoken
[2020/04/30 16:47:38.336]			}
[2020/04/30 16:47:38.336]		}
[2020/04/30 16:47:38.337]		Loop manage{
[2020/04/30 16:47:38.337]			removing extra cached items{
[2020/04/30 16:47:38.337]			}
[2020/04/30 16:47:38.337]			Emercency Cache clear{
[2020/04/30 16:47:38.337]			}
[2020/04/30 16:47:38.337]			check cache{
[2020/04/30 16:47:38.337]			}
[2020/04/30 16:47:38.337]		}
[2020/04/30 16:47:38.338]		Loop manage{
[2020/04/30 16:47:38.338]			check cache{
[2020/04/30 16:47:38.338]			}
[2020/04/30 16:47:38.338]		}
[2020/04/30 16:47:38.339]		Loop manage{
[2020/04/30 16:47:38.339]			check cache{
[2020/04/30 16:47:38.339]			}
[2020/04/30 16:47:38.339]		}
[2020/04/30 16:47:38.340]		Loop manage{
[2020/04/30 16:47:38.340]			check cache{
[2020/04/30 16:47:38.340]			}
[2020/04/30 16:47:38.340]		}
[2020/04/30 16:47:38.341]		Loop manage{
[2020/04/30 16:47:38.341]			check cache{
[2020/04/30 16:47:38.341]			}
[2020/04/30 16:47:38.341]		}
[2020/04/30 16:47:38.341]		Loop manage{
[2020/04/30 16:47:38.341]			check cache{
[2020/04/30 16:47:38.341]			}
[2020/04/30 16:47:38.341]		}
[2020/04/30 16:47:38.342]		Loop manage{
[2020/04/30 16:47:38.342]			check cache{
[2020/04/30 16:47:38.342]			}
[2020/04/30 16:47:38.342]		}
[2020/04/30 16:47:38.343]		Loop manage{
[2020/04/30 16:47:38.343]			check cache{
[2020/04/30 16:47:38.343]				caching image from slow{
[2020/04/30 16:47:39.462]				}
[2020/04/30 16:47:39.462]			}
[2020/04/30 16:47:39.462]		}
[2020/04/30 16:47:39.464]		Loop manage{
[2020/04/30 16:47:39.464]			check cache{
[2020/04/30 16:47:39.464]			}
[2020/04/30 16:47:39.464]		}
[2020/04/30 16:47:39.472]		Loop manage{
[2020/04/30 16:47:39.473]			check cache{
[2020/04/30 16:47:39.473]			}
[2020/04/30 16:47:39.473]		}
[2020/04/30 16:47:39.475]		Loop manage{
[2020/04/30 16:47:39.475]			check cache{
[2020/04/30 16:47:39.475]			}
[2020/04/30 16:47:39.475]		}
[2020/04/30 16:47:39.476]		Loop manage{
[2020/04/30 16:47:39.476]			check cache{
[2020/04/30 16:47:39.476]			}
[2020/04/30 16:47:39.476]		}
[2020/04/30 16:47:39.478]		Loop manage{
[2020/04/30 16:47:39.478]			check cache{
[2020/04/30 16:47:39.478]			}
[2020/04/30 16:47:39.478]		}
[2020/04/30 16:47:39.479]		Loop manage{
[2020/04/30 16:47:39.479]			check cache{
[2020/04/30 16:47:39.479]			}
[2020/04/30 16:47:39.479]		}
[2020/04/30 16:47:39.480]		Loop manage{
[2020/04/30 16:47:39.480]			check cache{
[2020/04/30 16:47:39.480]			}
[2020/04/30 16:47:39.480]		}
[2020/04/30 16:47:39.482]		Loop manage{
[2020/04/30 16:47:39.482]			check cache{
[2020/04/30 16:47:39.482]				caching image from slow{
[2020/04/30 16:47:40.093]				}
[2020/04/30 16:47:40.093]			}
[2020/04/30 16:47:40.093]		}
[2020/04/30 16:47:40.094]		Loop manage{
[2020/04/30 16:47:40.094]			check cache{
[2020/04/30 16:47:40.094]			}
[2020/04/30 16:47:40.094]		}
[2020/04/30 16:47:40.094]		Loop manage{
[2020/04/30 16:47:40.094]			check cache{
[2020/04/30 16:47:40.094]			}
[2020/04/30 16:47:40.094]		}
[2020/04/30 16:47:40.095]		Loop manage{
[2020/04/30 16:47:40.095]			Waiting untill awoken{
[2020/04/30 16:47:42.040] Awoken
[2020/04/30 16:47:42.040]			}
[2020/04/30 16:47:42.040]		}
[2020/04/30 16:47:42.041]		Loop manage{
[2020/04/30 16:47:42.041]			removing extra cached items{
[2020/04/30 16:47:42.041]			}
[2020/04/30 16:47:42.041]			check cache{
[2020/04/30 16:47:42.041]			}
[2020/04/30 16:47:42.041]		}
[2020/04/30 16:47:42.042]		Loop manage{
[2020/04/30 16:47:42.042]			check cache{
[2020/04/30 16:47:42.042]			}
[2020/04/30 16:47:42.042]		}
[2020/04/30 16:47:42.042]		Loop manage{
[2020/04/30 16:47:42.042]			check cache{
[2020/04/30 16:47:42.042]			}
[2020/04/30 16:47:42.042]		}
[2020/04/30 16:47:42.043]		Loop manage{
[2020/04/30 16:47:42.043]			check cache{
[2020/04/30 16:47:42.043]			}
[2020/04/30 16:47:42.043]		}
[2020/04/30 16:47:42.044]		Loop manage{
[2020/04/30 16:47:42.044]			check cache{
[2020/04/30 16:47:42.044]			}
[2020/04/30 16:47:42.044]		}
[2020/04/30 16:47:42.045]		Loop manage{
[2020/04/30 16:47:42.045]			check cache{
[2020/04/30 16:47:42.045]			}
[2020/04/30 16:47:42.045]		}
[2020/04/30 16:47:42.045]		Loop manage{
[2020/04/30 16:47:42.045]			check cache{
[2020/04/30 16:47:42.045]			}
[2020/04/30 16:47:42.045]		}
[2020/04/30 16:47:42.046]		Loop manage{
[2020/04/30 16:47:42.046]			check cache{
[2020/04/30 16:47:42.046]			}
[2020/04/30 16:47:42.046]		}
[2020/04/30 16:47:42.047]		Loop manage{
[2020/04/30 16:47:42.047]			check cache{
[2020/04/30 16:47:42.047]			}
[2020/04/30 16:47:42.047]		}
[2020/04/30 16:47:42.047]		Loop manage{
[2020/04/30 16:47:42.047]			check cache{
[2020/04/30 16:47:42.047]			}
[2020/04/30 16:47:42.047]		}
[2020/04/30 16:47:42.048]		Loop manage{
[2020/04/30 16:47:42.048]			Waiting untill awoken{
[2020/04/30 16:47:44.505] Awoken
[2020/04/30 16:47:44.505]			}
[2020/04/30 16:47:44.505]		}
[2020/04/30 16:47:44.506]		Loop manage{
[2020/04/30 16:47:44.506]			removing extra cached items{
[2020/04/30 16:47:44.506]			}
[2020/04/30 16:47:44.506]			check cache{
[2020/04/30 16:47:44.506]			}
[2020/04/30 16:47:44.506]		}
[2020/04/30 16:47:44.507]		Loop manage{
[2020/04/30 16:47:44.507]			check cache{
[2020/04/30 16:47:44.507]			}
[2020/04/30 16:47:44.507]		}
[2020/04/30 16:47:44.508]		Loop manage{
[2020/04/30 16:47:44.508]			check cache{
[2020/04/30 16:47:44.508]			}
[2020/04/30 16:47:44.508]		}
[2020/04/30 16:47:44.509]		Loop manage{
[2020/04/30 16:47:44.509]			check cache{
[2020/04/30 16:47:44.509]			}
[2020/04/30 16:47:44.509]		}
[2020/04/30 16:47:44.511]		Loop manage{
[2020/04/30 16:47:44.511]			check cache{
[2020/04/30 16:47:44.511]			}
[2020/04/30 16:47:44.511]		}
[2020/04/30 16:47:44.511]		Loop manage{
[2020/04/30 16:47:44.511]			check cache{
[2020/04/30 16:47:44.511]			}
[2020/04/30 16:47:44.512]		}
[2020/04/30 16:47:44.512]		Loop manage{
[2020/04/30 16:47:44.512]			check cache{
[2020/04/30 16:47:44.512]			}
[2020/04/30 16:47:44.512]		}
[2020/04/30 16:47:44.513]		Loop manage{
[2020/04/30 16:47:44.513]			check cache{
[2020/04/30 16:47:44.513]			}
[2020/04/30 16:47:44.513]		}
[2020/04/30 16:47:44.514]		Loop manage{
[2020/04/30 16:47:44.514]			check cache{
[2020/04/30 16:47:44.514]			}
[2020/04/30 16:47:44.514]		}
[2020/04/30 16:47:44.515]		Loop manage{
[2020/04/30 16:47:44.515]			check cache{
[2020/04/30 16:47:44.515]			}
[2020/04/30 16:47:44.515]		}
[2020/04/30 16:47:44.515]		Loop manage{
[2020/04/30 16:47:44.515]			Waiting untill awoken{
[2020/04/30 16:47:46.495] Awoken
[2020/04/30 16:47:46.495]			}
[2020/04/30 16:47:46.495]		}
[2020/04/30 16:47:46.496]		Loop manage{
[2020/04/30 16:47:46.496]			removing extra cached items{
[2020/04/30 16:47:46.496]			}
[2020/04/30 16:47:46.496]			check cache{
[2020/04/30 16:47:46.496]			}
[2020/04/30 16:47:46.496]		}
[2020/04/30 16:47:46.497]		Loop manage{
[2020/04/30 16:47:46.497]			check cache{
[2020/04/30 16:47:46.497]			}
[2020/04/30 16:47:46.497]		}
[2020/04/30 16:47:46.497]		Loop manage{
[2020/04/30 16:47:46.497]			check cache{
[2020/04/30 16:47:46.497]			}
[2020/04/30 16:47:46.497]		}
[2020/04/30 16:47:46.498]		Loop manage{
[2020/04/30 16:47:46.498]			check cache{
[2020/04/30 16:47:46.498]			}
[2020/04/30 16:47:46.498]		}
[2020/04/30 16:47:46.499]		Loop manage{
[2020/04/30 16:47:46.499]			check cache{
[2020/04/30 16:47:46.499]			}
[2020/04/30 16:47:46.499]		}
[2020/04/30 16:47:46.499]		Loop manage{
[2020/04/30 16:47:46.499]			check cache{
[2020/04/30 16:47:46.499]			}
[2020/04/30 16:47:46.499]		}
[2020/04/30 16:47:46.500]		Loop manage{
[2020/04/30 16:47:46.500]			check cache{
[2020/04/30 16:47:46.500]			}
[2020/04/30 16:47:46.500]		}
[2020/04/30 16:47:46.500]		Loop manage{
[2020/04/30 16:47:46.500]			check cache{
[2020/04/30 16:47:46.500]			}
[2020/04/30 16:47:46.500]		}
[2020/04/30 16:47:46.501]		Loop manage{
[2020/04/30 16:47:46.501]			check cache{
[2020/04/30 16:47:46.501]			}
[2020/04/30 16:47:46.501]		}
[2020/04/30 16:47:46.502]		Loop manage{
[2020/04/30 16:47:46.502]			check cache{
[2020/04/30 16:47:46.502]			}
[2020/04/30 16:47:46.502]		}
[2020/04/30 16:47:46.502]		Loop manage{
[2020/04/30 16:47:46.502]			Waiting untill awoken{
